{
  "C:\\My_stuff\\TP\\Year_2_Semester_2\\DevOps\\DevOps_Project_Part_2\\BookTrack_DevOps_Project\\public\\js\\get-book.js": {
    "path": "C:\\My_stuff\\TP\\Year_2_Semester_2\\DevOps\\DevOps_Project_Part_2\\BookTrack_DevOps_Project\\public\\js\\get-book.js",
    "statementMap": {
      "0": {
        "start": {
          "line": 3,
          "column": 24
        },
        "end": {
          "line": 3,
          "column": 44
        }
      },
      "1": {
        "start": {
          "line": 6,
          "column": 8
        },
        "end": {
          "line": 6,
          "column": 67
        }
      },
      "2": {
        "start": {
          "line": 9,
          "column": 8
        },
        "end": {
          "line": 9,
          "column": 65
        }
      },
      "3": {
        "start": {
          "line": 12,
          "column": 8
        },
        "end": {
          "line": 38,
          "column": 10
        }
      },
      "4": {
        "start": {
          "line": 14,
          "column": 12
        },
        "end": {
          "line": 14,
          "column": 70
        }
      },
      "5": {
        "start": {
          "line": 17,
          "column": 12
        },
        "end": {
          "line": 37,
          "column": 13
        }
      },
      "6": {
        "start": {
          "line": 18,
          "column": 16
        },
        "end": {
          "line": 26,
          "column": 17
        }
      },
      "7": {
        "start": {
          "line": 20,
          "column": 34
        },
        "end": {
          "line": 20,
          "column": 66
        }
      },
      "8": {
        "start": {
          "line": 21,
          "column": 20
        },
        "end": {
          "line": 21,
          "column": 40
        }
      },
      "9": {
        "start": {
          "line": 24,
          "column": 20
        },
        "end": {
          "line": 24,
          "column": 84
        }
      },
      "10": {
        "start": {
          "line": 25,
          "column": 20
        },
        "end": {
          "line": 25,
          "column": 64
        }
      },
      "11": {
        "start": {
          "line": 29,
          "column": 17
        },
        "end": {
          "line": 37,
          "column": 13
        }
      },
      "12": {
        "start": {
          "line": 30,
          "column": 16
        },
        "end": {
          "line": 30,
          "column": 59
        }
      },
      "13": {
        "start": {
          "line": 31,
          "column": 16
        },
        "end": {
          "line": 31,
          "column": 74
        }
      },
      "14": {
        "start": {
          "line": 35,
          "column": 16
        },
        "end": {
          "line": 35,
          "column": 75
        }
      },
      "15": {
        "start": {
          "line": 36,
          "column": 16
        },
        "end": {
          "line": 36,
          "column": 76
        }
      },
      "16": {
        "start": {
          "line": 41,
          "column": 8
        },
        "end": {
          "line": 48,
          "column": 10
        }
      },
      "17": {
        "start": {
          "line": 43,
          "column": 12
        },
        "end": {
          "line": 43,
          "column": 70
        }
      },
      "18": {
        "start": {
          "line": 46,
          "column": 12
        },
        "end": {
          "line": 46,
          "column": 64
        }
      },
      "19": {
        "start": {
          "line": 47,
          "column": 12
        },
        "end": {
          "line": 47,
          "column": 99
        }
      },
      "20": {
        "start": {
          "line": 51,
          "column": 8
        },
        "end": {
          "line": 51,
          "column": 23
        }
      },
      "21": {
        "start": {
          "line": 58,
          "column": 30
        },
        "end": {
          "line": 58,
          "column": 70
        }
      },
      "22": {
        "start": {
          "line": 61,
          "column": 8
        },
        "end": {
          "line": 64,
          "column": 9
        }
      },
      "23": {
        "start": {
          "line": 62,
          "column": 12
        },
        "end": {
          "line": 62,
          "column": 67
        }
      },
      "24": {
        "start": {
          "line": 63,
          "column": 12
        },
        "end": {
          "line": 63,
          "column": 19
        }
      },
      "25": {
        "start": {
          "line": 66,
          "column": 19
        },
        "end": {
          "line": 66,
          "column": 21
        }
      },
      "26": {
        "start": {
          "line": 69,
          "column": 8
        },
        "end": {
          "line": 89,
          "column": 9
        }
      },
      "27": {
        "start": {
          "line": 71,
          "column": 12
        },
        "end": {
          "line": 88,
          "column": 13
        }
      },
      "28": {
        "start": {
          "line": 72,
          "column": 16
        },
        "end": {
          "line": 85,
          "column": 18
        }
      },
      "29": {
        "start": {
          "line": 87,
          "column": 16
        },
        "end": {
          "line": 87,
          "column": 60
        }
      },
      "30": {
        "start": {
          "line": 91,
          "column": 8
        },
        "end": {
          "line": 91,
          "column": 39
        }
      }
    },
    "fnMap": {
      "0": {
        "name": "getBooks",
        "decl": {
          "start": {
            "line": 2,
            "column": 13
          },
          "end": {
            "line": 2,
            "column": 21
          }
        },
        "loc": {
          "start": {
            "line": 2,
            "column": 24
          },
          "end": {
            "line": 52,
            "column": 5
          }
        },
        "line": 2
      },
      "1": {
        "name": "(anonymous_1)",
        "decl": {
          "start": {
            "line": 12,
            "column": 25
          },
          "end": {
            "line": 12,
            "column": 26
          }
        },
        "loc": {
          "start": {
            "line": 12,
            "column": 37
          },
          "end": {
            "line": 38,
            "column": 9
          }
        },
        "line": 12
      },
      "2": {
        "name": "(anonymous_2)",
        "decl": {
          "start": {
            "line": 41,
            "column": 26
          },
          "end": {
            "line": 41,
            "column": 27
          }
        },
        "loc": {
          "start": {
            "line": 41,
            "column": 38
          },
          "end": {
            "line": 48,
            "column": 9
          }
        },
        "line": 41
      },
      "3": {
        "name": "displayBooks",
        "decl": {
          "start": {
            "line": 57,
            "column": 13
          },
          "end": {
            "line": 57,
            "column": 25
          }
        },
        "loc": {
          "start": {
            "line": 57,
            "column": 33
          },
          "end": {
            "line": 92,
            "column": 5
          }
        },
        "line": 57
      }
    },
    "branchMap": {
      "0": {
        "loc": {
          "start": {
            "line": 17,
            "column": 12
          },
          "end": {
            "line": 37,
            "column": 13
          }
        },
        "type": "if",
        "locations": [
          {
            "start": {
              "line": 17,
              "column": 12
            },
            "end": {
              "line": 37,
              "column": 13
            }
          },
          {
            "start": {
              "line": 29,
              "column": 17
            },
            "end": {
              "line": 37,
              "column": 13
            }
          }
        ],
        "line": 17
      },
      "1": {
        "loc": {
          "start": {
            "line": 17,
            "column": 16
          },
          "end": {
            "line": 17,
            "column": 61
          }
        },
        "type": "binary-expr",
        "locations": [
          {
            "start": {
              "line": 17,
              "column": 16
            },
            "end": {
              "line": 17,
              "column": 37
            }
          },
          {
            "start": {
              "line": 17,
              "column": 41
            },
            "end": {
              "line": 17,
              "column": 61
            }
          }
        ],
        "line": 17
      },
      "2": {
        "loc": {
          "start": {
            "line": 29,
            "column": 17
          },
          "end": {
            "line": 37,
            "column": 13
          }
        },
        "type": "if",
        "locations": [
          {
            "start": {
              "line": 29,
              "column": 17
            },
            "end": {
              "line": 37,
              "column": 13
            }
          },
          {
            "start": {
              "line": 34,
              "column": 17
            },
            "end": {
              "line": 37,
              "column": 13
            }
          }
        ],
        "line": 29
      },
      "3": {
        "loc": {
          "start": {
            "line": 61,
            "column": 8
          },
          "end": {
            "line": 64,
            "column": 9
          }
        },
        "type": "if",
        "locations": [
          {
            "start": {
              "line": 61,
              "column": 8
            },
            "end": {
              "line": 64,
              "column": 9
            }
          },
          {
            "start": {},
            "end": {}
          }
        ],
        "line": 61
      },
      "4": {
        "loc": {
          "start": {
            "line": 61,
            "column": 12
          },
          "end": {
            "line": 61,
            "column": 40
          }
        },
        "type": "binary-expr",
        "locations": [
          {
            "start": {
              "line": 61,
              "column": 12
            },
            "end": {
              "line": 61,
              "column": 18
            }
          },
          {
            "start": {
              "line": 61,
              "column": 22
            },
            "end": {
              "line": 61,
              "column": 40
            }
          }
        ],
        "line": 61
      },
      "5": {
        "loc": {
          "start": {
            "line": 71,
            "column": 12
          },
          "end": {
            "line": 88,
            "column": 13
          }
        },
        "type": "if",
        "locations": [
          {
            "start": {
              "line": 71,
              "column": 12
            },
            "end": {
              "line": 88,
              "column": 13
            }
          },
          {
            "start": {
              "line": 86,
              "column": 19
            },
            "end": {
              "line": 88,
              "column": 13
            }
          }
        ],
        "line": 71
      },
      "6": {
        "loc": {
          "start": {
            "line": 71,
            "column": 16
          },
          "end": {
            "line": 71,
            "column": 92
          }
        },
        "type": "binary-expr",
        "locations": [
          {
            "start": {
              "line": 71,
              "column": 16
            },
            "end": {
              "line": 71,
              "column": 26
            }
          },
          {
            "start": {
              "line": 71,
              "column": 30
            },
            "end": {
              "line": 71,
              "column": 41
            }
          },
          {
            "start": {
              "line": 71,
              "column": 45
            },
            "end": {
              "line": 71,
              "column": 54
            }
          },
          {
            "start": {
              "line": 71,
              "column": 58
            },
            "end": {
              "line": 71,
              "column": 68
            }
          },
          {
            "start": {
              "line": 71,
              "column": 72
            },
            "end": {
              "line": 71,
              "column": 92
            }
          }
        ],
        "line": 71
      }
    },
    "s": {
      "0": 21,
      "1": 21,
      "2": 21,
      "3": 21,
      "4": 17,
      "5": 17,
      "6": 17,
      "7": 17,
      "8": 17,
      "9": 0,
      "10": 0,
      "11": 0,
      "12": 0,
      "13": 0,
      "14": 0,
      "15": 0,
      "16": 21,
      "17": 0,
      "18": 0,
      "19": 0,
      "20": 21,
      "21": 17,
      "22": 17,
      "23": 0,
      "24": 0,
      "25": 17,
      "26": 17,
      "27": 17,
      "28": 17,
      "29": 0,
      "30": 17
    },
    "f": {
      "0": 21,
      "1": 17,
      "2": 0,
      "3": 17
    },
    "b": {
      "0": [
        17,
        0
      ],
      "1": [
        17,
        17
      ],
      "2": [
        0,
        0
      ],
      "3": [
        0,
        17
      ],
      "4": [
        17,
        17
      ],
      "5": [
        17,
        0
      ],
      "6": [
        17,
        17,
        17,
        17,
        17
      ]
    },
    "_coverageSchema": "1a1c01bbd47fc00a2c39e90264f33305004495a9",
    "hash": "ad41d0564cd9b5033f0981705aae5c9b5beb2f41"
  },
  "C:\\My_stuff\\TP\\Year_2_Semester_2\\DevOps\\DevOps_Project_Part_2\\BookTrack_DevOps_Project\\public\\js\\search-books.js": {
    "path": "C:\\My_stuff\\TP\\Year_2_Semester_2\\DevOps\\DevOps_Project_Part_2\\BookTrack_DevOps_Project\\public\\js\\search-books.js",
    "statementMap": {
      "0": {
        "start": {
          "line": 3,
          "column": 18
        },
        "end": {
          "line": 3,
          "column": 69
        }
      },
      "1": {
        "start": {
          "line": 6,
          "column": 4
        },
        "end": {
          "line": 9,
          "column": 5
        }
      },
      "2": {
        "start": {
          "line": 7,
          "column": 8
        },
        "end": {
          "line": 7,
          "column": 64
        }
      },
      "3": {
        "start": {
          "line": 8,
          "column": 8
        },
        "end": {
          "line": 8,
          "column": 15
        }
      },
      "4": {
        "start": {
          "line": 12,
          "column": 4
        },
        "end": {
          "line": 15,
          "column": 5
        }
      },
      "5": {
        "start": {
          "line": 13,
          "column": 8
        },
        "end": {
          "line": 13,
          "column": 74
        }
      },
      "6": {
        "start": {
          "line": 14,
          "column": 8
        },
        "end": {
          "line": 14,
          "column": 15
        }
      },
      "7": {
        "start": {
          "line": 20,
          "column": 20
        },
        "end": {
          "line": 20,
          "column": 40
        }
      },
      "8": {
        "start": {
          "line": 21,
          "column": 4
        },
        "end": {
          "line": 21,
          "column": 63
        }
      },
      "9": {
        "start": {
          "line": 24,
          "column": 4
        },
        "end": {
          "line": 24,
          "column": 97
        }
      },
      "10": {
        "start": {
          "line": 27,
          "column": 4
        },
        "end": {
          "line": 57,
          "column": 6
        }
      },
      "11": {
        "start": {
          "line": 28,
          "column": 8
        },
        "end": {
          "line": 28,
          "column": 66
        }
      },
      "12": {
        "start": {
          "line": 31,
          "column": 8
        },
        "end": {
          "line": 56,
          "column": 9
        }
      },
      "13": {
        "start": {
          "line": 33,
          "column": 34
        },
        "end": {
          "line": 33,
          "column": 66
        }
      },
      "14": {
        "start": {
          "line": 36,
          "column": 12
        },
        "end": {
          "line": 41,
          "column": 13
        }
      },
      "15": {
        "start": {
          "line": 37,
          "column": 16
        },
        "end": {
          "line": 37,
          "column": 71
        }
      },
      "16": {
        "start": {
          "line": 40,
          "column": 16
        },
        "end": {
          "line": 40,
          "column": 44
        }
      },
      "17": {
        "start": {
          "line": 44,
          "column": 13
        },
        "end": {
          "line": 56,
          "column": 9
        }
      },
      "18": {
        "start": {
          "line": 45,
          "column": 12
        },
        "end": {
          "line": 45,
          "column": 105
        }
      },
      "19": {
        "start": {
          "line": 46,
          "column": 12
        },
        "end": {
          "line": 46,
          "column": 71
        }
      },
      "20": {
        "start": {
          "line": 49,
          "column": 13
        },
        "end": {
          "line": 56,
          "column": 9
        }
      },
      "21": {
        "start": {
          "line": 50,
          "column": 12
        },
        "end": {
          "line": 50,
          "column": 87
        }
      },
      "22": {
        "start": {
          "line": 54,
          "column": 12
        },
        "end": {
          "line": 54,
          "column": 80
        }
      },
      "23": {
        "start": {
          "line": 55,
          "column": 12
        },
        "end": {
          "line": 55,
          "column": 80
        }
      },
      "24": {
        "start": {
          "line": 60,
          "column": 4
        },
        "end": {
          "line": 66,
          "column": 6
        }
      },
      "25": {
        "start": {
          "line": 61,
          "column": 8
        },
        "end": {
          "line": 61,
          "column": 66
        }
      },
      "26": {
        "start": {
          "line": 64,
          "column": 8
        },
        "end": {
          "line": 64,
          "column": 69
        }
      },
      "27": {
        "start": {
          "line": 65,
          "column": 8
        },
        "end": {
          "line": 65,
          "column": 104
        }
      },
      "28": {
        "start": {
          "line": 68,
          "column": 4
        },
        "end": {
          "line": 73,
          "column": 6
        }
      },
      "29": {
        "start": {
          "line": 69,
          "column": 8
        },
        "end": {
          "line": 69,
          "column": 66
        }
      },
      "30": {
        "start": {
          "line": 72,
          "column": 8
        },
        "end": {
          "line": 72,
          "column": 58
        }
      },
      "31": {
        "start": {
          "line": 75,
          "column": 4
        },
        "end": {
          "line": 75,
          "column": 19
        }
      },
      "32": {
        "start": {
          "line": 79,
          "column": 24
        },
        "end": {
          "line": 79,
          "column": 62
        }
      },
      "33": {
        "start": {
          "line": 80,
          "column": 24
        },
        "end": {
          "line": 80,
          "column": 65
        }
      },
      "34": {
        "start": {
          "line": 81,
          "column": 4
        },
        "end": {
          "line": 81,
          "column": 77
        }
      },
      "35": {
        "start": {
          "line": 86,
          "column": 4
        },
        "end": {
          "line": 86,
          "column": 54
        }
      },
      "36": {
        "start": {
          "line": 87,
          "column": 4
        },
        "end": {
          "line": 87,
          "column": 24
        }
      },
      "37": {
        "start": {
          "line": 88,
          "column": 4
        },
        "end": {
          "line": 88,
          "column": 15
        }
      }
    },
    "fnMap": {
      "0": {
        "name": "searchBooks",
        "decl": {
          "start": {
            "line": 2,
            "column": 9
          },
          "end": {
            "line": 2,
            "column": 20
          }
        },
        "loc": {
          "start": {
            "line": 2,
            "column": 23
          },
          "end": {
            "line": 76,
            "column": 1
          }
        },
        "line": 2
      },
      "1": {
        "name": "(anonymous_1)",
        "decl": {
          "start": {
            "line": 27,
            "column": 21
          },
          "end": {
            "line": 27,
            "column": 22
          }
        },
        "loc": {
          "start": {
            "line": 27,
            "column": 33
          },
          "end": {
            "line": 57,
            "column": 5
          }
        },
        "line": 27
      },
      "2": {
        "name": "(anonymous_2)",
        "decl": {
          "start": {
            "line": 60,
            "column": 22
          },
          "end": {
            "line": 60,
            "column": 23
          }
        },
        "loc": {
          "start": {
            "line": 60,
            "column": 34
          },
          "end": {
            "line": 66,
            "column": 5
          }
        },
        "line": 60
      },
      "3": {
        "name": "(anonymous_3)",
        "decl": {
          "start": {
            "line": 68,
            "column": 24
          },
          "end": {
            "line": 68,
            "column": 25
          }
        },
        "loc": {
          "start": {
            "line": 68,
            "column": 36
          },
          "end": {
            "line": 73,
            "column": 5
          }
        },
        "line": 68
      },
      "4": {
        "name": "toggleClearButton",
        "decl": {
          "start": {
            "line": 78,
            "column": 9
          },
          "end": {
            "line": 78,
            "column": 26
          }
        },
        "loc": {
          "start": {
            "line": 78,
            "column": 29
          },
          "end": {
            "line": 82,
            "column": 1
          }
        },
        "line": 78
      },
      "5": {
        "name": "clearSearch",
        "decl": {
          "start": {
            "line": 85,
            "column": 9
          },
          "end": {
            "line": 85,
            "column": 20
          }
        },
        "loc": {
          "start": {
            "line": 85,
            "column": 23
          },
          "end": {
            "line": 89,
            "column": 1
          }
        },
        "line": 85
      }
    },
    "branchMap": {
      "0": {
        "loc": {
          "start": {
            "line": 6,
            "column": 4
          },
          "end": {
            "line": 9,
            "column": 5
          }
        },
        "type": "if",
        "locations": [
          {
            "start": {
              "line": 6,
              "column": 4
            },
            "end": {
              "line": 9,
              "column": 5
            }
          },
          {
            "start": {},
            "end": {}
          }
        ],
        "line": 6
      },
      "1": {
        "loc": {
          "start": {
            "line": 12,
            "column": 4
          },
          "end": {
            "line": 15,
            "column": 5
          }
        },
        "type": "if",
        "locations": [
          {
            "start": {
              "line": 12,
              "column": 4
            },
            "end": {
              "line": 15,
              "column": 5
            }
          },
          {
            "start": {},
            "end": {}
          }
        ],
        "line": 12
      },
      "2": {
        "loc": {
          "start": {
            "line": 31,
            "column": 8
          },
          "end": {
            "line": 56,
            "column": 9
          }
        },
        "type": "if",
        "locations": [
          {
            "start": {
              "line": 31,
              "column": 8
            },
            "end": {
              "line": 56,
              "column": 9
            }
          },
          {
            "start": {
              "line": 44,
              "column": 13
            },
            "end": {
              "line": 56,
              "column": 9
            }
          }
        ],
        "line": 31
      },
      "3": {
        "loc": {
          "start": {
            "line": 31,
            "column": 12
          },
          "end": {
            "line": 31,
            "column": 57
          }
        },
        "type": "binary-expr",
        "locations": [
          {
            "start": {
              "line": 31,
              "column": 12
            },
            "end": {
              "line": 31,
              "column": 33
            }
          },
          {
            "start": {
              "line": 31,
              "column": 37
            },
            "end": {
              "line": 31,
              "column": 57
            }
          }
        ],
        "line": 31
      },
      "4": {
        "loc": {
          "start": {
            "line": 36,
            "column": 12
          },
          "end": {
            "line": 41,
            "column": 13
          }
        },
        "type": "if",
        "locations": [
          {
            "start": {
              "line": 36,
              "column": 12
            },
            "end": {
              "line": 41,
              "column": 13
            }
          },
          {
            "start": {
              "line": 38,
              "column": 19
            },
            "end": {
              "line": 41,
              "column": 13
            }
          }
        ],
        "line": 36
      },
      "5": {
        "loc": {
          "start": {
            "line": 44,
            "column": 13
          },
          "end": {
            "line": 56,
            "column": 9
          }
        },
        "type": "if",
        "locations": [
          {
            "start": {
              "line": 44,
              "column": 13
            },
            "end": {
              "line": 56,
              "column": 9
            }
          },
          {
            "start": {
              "line": 49,
              "column": 13
            },
            "end": {
              "line": 56,
              "column": 9
            }
          }
        ],
        "line": 44
      },
      "6": {
        "loc": {
          "start": {
            "line": 49,
            "column": 13
          },
          "end": {
            "line": 56,
            "column": 9
          }
        },
        "type": "if",
        "locations": [
          {
            "start": {
              "line": 49,
              "column": 13
            },
            "end": {
              "line": 56,
              "column": 9
            }
          },
          {
            "start": {
              "line": 53,
              "column": 13
            },
            "end": {
              "line": 56,
              "column": 9
            }
          }
        ],
        "line": 49
      },
      "7": {
        "loc": {
          "start": {
            "line": 81,
            "column": 32
          },
          "end": {
            "line": 81,
            "column": 76
          }
        },
        "type": "cond-expr",
        "locations": [
          {
            "start": {
              "line": 81,
              "column": 59
            },
            "end": {
              "line": 81,
              "column": 67
            }
          },
          {
            "start": {
              "line": 81,
              "column": 70
            },
            "end": {
              "line": 81,
              "column": 76
            }
          }
        ],
        "line": 81
      }
    },
    "s": {
      "0": 0,
      "1": 0,
      "2": 0,
      "3": 0,
      "4": 0,
      "5": 0,
      "6": 0,
      "7": 0,
      "8": 0,
      "9": 0,
      "10": 0,
      "11": 0,
      "12": 0,
      "13": 0,
      "14": 0,
      "15": 0,
      "16": 0,
      "17": 0,
      "18": 0,
      "19": 0,
      "20": 0,
      "21": 0,
      "22": 0,
      "23": 0,
      "24": 0,
      "25": 0,
      "26": 0,
      "27": 0,
      "28": 0,
      "29": 0,
      "30": 0,
      "31": 0,
      "32": 0,
      "33": 0,
      "34": 0,
      "35": 0,
      "36": 0,
      "37": 0
    },
    "f": {
      "0": 0,
      "1": 0,
      "2": 0,
      "3": 0,
      "4": 0,
      "5": 0
    },
    "b": {
      "0": [
        0,
        0
      ],
      "1": [
        0,
        0
      ],
      "2": [
        0,
        0
      ],
      "3": [
        0,
        0
      ],
      "4": [
        0,
        0
      ],
      "5": [
        0,
        0
      ],
      "6": [
        0,
        0
      ],
      "7": [
        0,
        0
      ]
    },
    "_coverageSchema": "1a1c01bbd47fc00a2c39e90264f33305004495a9",
    "hash": "71c9ef2ea7df047b44ceb06bfdba0d5c39e39789"
  },
  "C:\\My_stuff\\TP\\Year_2_Semester_2\\DevOps\\DevOps_Project_Part_2\\BookTrack_DevOps_Project\\public\\js\\add-book.js": {
    "path": "C:\\My_stuff\\TP\\Year_2_Semester_2\\DevOps\\DevOps_Project_Part_2\\BookTrack_DevOps_Project\\public\\js\\add-book.js",
    "statementMap": {
      "0": {
        "start": {
          "line": 3,
          "column": 4
        },
        "end": {
          "line": 86,
          "column": 7
        }
      },
      "1": {
        "start": {
          "line": 4,
          "column": 8
        },
        "end": {
          "line": 4,
          "column": 31
        }
      },
      "2": {
        "start": {
          "line": 7,
          "column": 22
        },
        "end": {
          "line": 7,
          "column": 67
        }
      },
      "3": {
        "start": {
          "line": 8,
          "column": 23
        },
        "end": {
          "line": 8,
          "column": 69
        }
      },
      "4": {
        "start": {
          "line": 9,
          "column": 21
        },
        "end": {
          "line": 9,
          "column": 65
        }
      },
      "5": {
        "start": {
          "line": 10,
          "column": 22
        },
        "end": {
          "line": 10,
          "column": 60
        }
      },
      "6": {
        "start": {
          "line": 11,
          "column": 32
        },
        "end": {
          "line": 11,
          "column": 71
        }
      },
      "7": {
        "start": {
          "line": 12,
          "column": 22
        },
        "end": {
          "line": 12,
          "column": 63
        }
      },
      "8": {
        "start": {
          "line": 15,
          "column": 8
        },
        "end": {
          "line": 18,
          "column": 9
        }
      },
      "9": {
        "start": {
          "line": 16,
          "column": 12
        },
        "end": {
          "line": 16,
          "column": 82
        }
      },
      "10": {
        "start": {
          "line": 17,
          "column": 12
        },
        "end": {
          "line": 17,
          "column": 19
        }
      },
      "11": {
        "start": {
          "line": 21,
          "column": 8
        },
        "end": {
          "line": 24,
          "column": 9
        }
      },
      "12": {
        "start": {
          "line": 22,
          "column": 12
        },
        "end": {
          "line": 22,
          "column": 61
        }
      },
      "13": {
        "start": {
          "line": 23,
          "column": 12
        },
        "end": {
          "line": 23,
          "column": 19
        }
      },
      "14": {
        "start": {
          "line": 26,
          "column": 8
        },
        "end": {
          "line": 29,
          "column": 9
        }
      },
      "15": {
        "start": {
          "line": 27,
          "column": 12
        },
        "end": {
          "line": 27,
          "column": 69
        }
      },
      "16": {
        "start": {
          "line": 28,
          "column": 12
        },
        "end": {
          "line": 28,
          "column": 19
        }
      },
      "17": {
        "start": {
          "line": 32,
          "column": 8
        },
        "end": {
          "line": 35,
          "column": 9
        }
      },
      "18": {
        "start": {
          "line": 33,
          "column": 12
        },
        "end": {
          "line": 33,
          "column": 55
        }
      },
      "19": {
        "start": {
          "line": 34,
          "column": 12
        },
        "end": {
          "line": 34,
          "column": 19
        }
      },
      "20": {
        "start": {
          "line": 38,
          "column": 30
        },
        "end": {
          "line": 38,
          "column": 80
        }
      },
      "21": {
        "start": {
          "line": 39,
          "column": 8
        },
        "end": {
          "line": 44,
          "column": 9
        }
      },
      "22": {
        "start": {
          "line": 41,
          "column": 12
        },
        "end": {
          "line": 41,
          "column": 24
        }
      },
      "23": {
        "start": {
          "line": 42,
          "column": 12
        },
        "end": {
          "line": 42,
          "column": 24
        }
      },
      "24": {
        "start": {
          "line": 43,
          "column": 12
        },
        "end": {
          "line": 43,
          "column": 19
        }
      },
      "25": {
        "start": {
          "line": 47,
          "column": 21
        },
        "end": {
          "line": 47,
          "column": 35
        }
      },
      "26": {
        "start": {
          "line": 48,
          "column": 8
        },
        "end": {
          "line": 48,
          "column": 36
        }
      },
      "27": {
        "start": {
          "line": 49,
          "column": 8
        },
        "end": {
          "line": 49,
          "column": 38
        }
      },
      "28": {
        "start": {
          "line": 50,
          "column": 8
        },
        "end": {
          "line": 50,
          "column": 34
        }
      },
      "29": {
        "start": {
          "line": 51,
          "column": 8
        },
        "end": {
          "line": 51,
          "column": 36
        }
      },
      "30": {
        "start": {
          "line": 52,
          "column": 8
        },
        "end": {
          "line": 52,
          "column": 56
        }
      },
      "31": {
        "start": {
          "line": 53,
          "column": 8
        },
        "end": {
          "line": 53,
          "column": 36
        }
      },
      "32": {
        "start": {
          "line": 55,
          "column": 8
        },
        "end": {
          "line": 85,
          "column": 9
        }
      },
      "33": {
        "start": {
          "line": 57,
          "column": 29
        },
        "end": {
          "line": 60,
          "column": 14
        }
      },
      "34": {
        "start": {
          "line": 63,
          "column": 12
        },
        "end": {
          "line": 75,
          "column": 13
        }
      },
      "35": {
        "start": {
          "line": 64,
          "column": 34
        },
        "end": {
          "line": 64,
          "column": 55
        }
      },
      "36": {
        "start": {
          "line": 65,
          "column": 16
        },
        "end": {
          "line": 73,
          "column": 17
        }
      },
      "37": {
        "start": {
          "line": 66,
          "column": 20
        },
        "end": {
          "line": 66,
          "column": 82
        }
      },
      "38": {
        "start": {
          "line": 67,
          "column": 23
        },
        "end": {
          "line": 73,
          "column": 17
        }
      },
      "39": {
        "start": {
          "line": 68,
          "column": 20
        },
        "end": {
          "line": 68,
          "column": 80
        }
      },
      "40": {
        "start": {
          "line": 69,
          "column": 23
        },
        "end": {
          "line": 73,
          "column": 17
        }
      },
      "41": {
        "start": {
          "line": 70,
          "column": 20
        },
        "end": {
          "line": 70,
          "column": 63
        }
      },
      "42": {
        "start": {
          "line": 72,
          "column": 20
        },
        "end": {
          "line": 72,
          "column": 49
        }
      },
      "43": {
        "start": {
          "line": 74,
          "column": 16
        },
        "end": {
          "line": 74,
          "column": 23
        }
      },
      "44": {
        "start": {
          "line": 78,
          "column": 12
        },
        "end": {
          "line": 78,
          "column": 46
        }
      },
      "45": {
        "start": {
          "line": 79,
          "column": 12
        },
        "end": {
          "line": 79,
          "column": 24
        }
      },
      "46": {
        "start": {
          "line": 80,
          "column": 12
        },
        "end": {
          "line": 80,
          "column": 24
        }
      },
      "47": {
        "start": {
          "line": 81,
          "column": 12
        },
        "end": {
          "line": 81,
          "column": 23
        }
      },
      "48": {
        "start": {
          "line": 83,
          "column": 12
        },
        "end": {
          "line": 83,
          "column": 43
        }
      },
      "49": {
        "start": {
          "line": 84,
          "column": 12
        },
        "end": {
          "line": 84,
          "column": 62
        }
      },
      "50": {
        "start": {
          "line": 89,
          "column": 4
        },
        "end": {
          "line": 109,
          "column": 7
        }
      },
      "51": {
        "start": {
          "line": 90,
          "column": 29
        },
        "end": {
          "line": 90,
          "column": 68
        }
      },
      "52": {
        "start": {
          "line": 91,
          "column": 8
        },
        "end": {
          "line": 91,
          "column": 36
        }
      },
      "53": {
        "start": {
          "line": 92,
          "column": 21
        },
        "end": {
          "line": 92,
          "column": 34
        }
      },
      "54": {
        "start": {
          "line": 95,
          "column": 8
        },
        "end": {
          "line": 108,
          "column": 9
        }
      },
      "55": {
        "start": {
          "line": 96,
          "column": 12
        },
        "end": {
          "line": 101,
          "column": 13
        }
      },
      "56": {
        "start": {
          "line": 97,
          "column": 16
        },
        "end": {
          "line": 97,
          "column": 70
        }
      },
      "57": {
        "start": {
          "line": 98,
          "column": 16
        },
        "end": {
          "line": 98,
          "column": 32
        }
      },
      "58": {
        "start": {
          "line": 99,
          "column": 16
        },
        "end": {
          "line": 99,
          "column": 74
        }
      },
      "59": {
        "start": {
          "line": 100,
          "column": 16
        },
        "end": {
          "line": 100,
          "column": 23
        }
      },
      "60": {
        "start": {
          "line": 103,
          "column": 24
        },
        "end": {
          "line": 103,
          "column": 53
        }
      },
      "61": {
        "start": {
          "line": 104,
          "column": 12
        },
        "end": {
          "line": 104,
          "column": 48
        }
      },
      "62": {
        "start": {
          "line": 105,
          "column": 12
        },
        "end": {
          "line": 105,
          "column": 42
        }
      },
      "63": {
        "start": {
          "line": 107,
          "column": 12
        },
        "end": {
          "line": 107,
          "column": 70
        }
      },
      "64": {
        "start": {
          "line": 114,
          "column": 4
        },
        "end": {
          "line": 114,
          "column": 68
        }
      },
      "65": {
        "start": {
          "line": 115,
          "column": 4
        },
        "end": {
          "line": 115,
          "column": 62
        }
      },
      "66": {
        "start": {
          "line": 116,
          "column": 4
        },
        "end": {
          "line": 116,
          "column": 48
        }
      },
      "67": {
        "start": {
          "line": 117,
          "column": 25
        },
        "end": {
          "line": 117,
          "column": 64
        }
      },
      "68": {
        "start": {
          "line": 118,
          "column": 4
        },
        "end": {
          "line": 118,
          "column": 48
        }
      },
      "69": {
        "start": {
          "line": 119,
          "column": 4
        },
        "end": {
          "line": 119,
          "column": 62
        }
      },
      "70": {
        "start": {
          "line": 124,
          "column": 4
        },
        "end": {
          "line": 124,
          "column": 69
        }
      },
      "71": {
        "start": {
          "line": 125,
          "column": 4
        },
        "end": {
          "line": 125,
          "column": 63
        }
      },
      "72": {
        "start": {
          "line": 136,
          "column": 0
        },
        "end": {
          "line": 136,
          "column": 17
        }
      }
    },
    "fnMap": {
      "0": {
        "name": "addBookFeature",
        "decl": {
          "start": {
            "line": 1,
            "column": 9
          },
          "end": {
            "line": 1,
            "column": 23
          }
        },
        "loc": {
          "start": {
            "line": 1,
            "column": 26
          },
          "end": {
            "line": 110,
            "column": 1
          }
        },
        "line": 1
      },
      "1": {
        "name": "(anonymous_1)",
        "decl": {
          "start": {
            "line": 3,
            "column": 67
          },
          "end": {
            "line": 3,
            "column": 68
          }
        },
        "loc": {
          "start": {
            "line": 3,
            "column": 90
          },
          "end": {
            "line": 86,
            "column": 5
          }
        },
        "line": 3
      },
      "2": {
        "name": "(anonymous_2)",
        "decl": {
          "start": {
            "line": 89,
            "column": 64
          },
          "end": {
            "line": 89,
            "column": 65
          }
        },
        "loc": {
          "start": {
            "line": 89,
            "column": 76
          },
          "end": {
            "line": 109,
            "column": 5
          }
        },
        "line": 89
      },
      "3": {
        "name": "resetForm",
        "decl": {
          "start": {
            "line": 113,
            "column": 9
          },
          "end": {
            "line": 113,
            "column": 18
          }
        },
        "loc": {
          "start": {
            "line": 113,
            "column": 21
          },
          "end": {
            "line": 120,
            "column": 1
          }
        },
        "line": 113
      },
      "4": {
        "name": "openForm",
        "decl": {
          "start": {
            "line": 123,
            "column": 9
          },
          "end": {
            "line": 123,
            "column": 17
          }
        },
        "loc": {
          "start": {
            "line": 123,
            "column": 20
          },
          "end": {
            "line": 126,
            "column": 1
          }
        },
        "line": 123
      }
    },
    "branchMap": {
      "0": {
        "loc": {
          "start": {
            "line": 15,
            "column": 8
          },
          "end": {
            "line": 18,
            "column": 9
          }
        },
        "type": "if",
        "locations": [
          {
            "start": {
              "line": 15,
              "column": 8
            },
            "end": {
              "line": 18,
              "column": 9
            }
          },
          {
            "start": {},
            "end": {}
          }
        ],
        "line": 15
      },
      "1": {
        "loc": {
          "start": {
            "line": 15,
            "column": 12
          },
          "end": {
            "line": 15,
            "column": 78
          }
        },
        "type": "binary-expr",
        "locations": [
          {
            "start": {
              "line": 15,
              "column": 12
            },
            "end": {
              "line": 15,
              "column": 18
            }
          },
          {
            "start": {
              "line": 15,
              "column": 22
            },
            "end": {
              "line": 15,
              "column": 29
            }
          },
          {
            "start": {
              "line": 15,
              "column": 33
            },
            "end": {
              "line": 15,
              "column": 38
            }
          },
          {
            "start": {
              "line": 15,
              "column": 42
            },
            "end": {
              "line": 15,
              "column": 48
            }
          },
          {
            "start": {
              "line": 15,
              "column": 52
            },
            "end": {
              "line": 15,
              "column": 68
            }
          },
          {
            "start": {
              "line": 15,
              "column": 72
            },
            "end": {
              "line": 15,
              "column": 78
            }
          }
        ],
        "line": 15
      },
      "2": {
        "loc": {
          "start": {
            "line": 21,
            "column": 8
          },
          "end": {
            "line": 24,
            "column": 9
          }
        },
        "type": "if",
        "locations": [
          {
            "start": {
              "line": 21,
              "column": 8
            },
            "end": {
              "line": 24,
              "column": 9
            }
          },
          {
            "start": {},
            "end": {}
          }
        ],
        "line": 21
      },
      "3": {
        "loc": {
          "start": {
            "line": 26,
            "column": 8
          },
          "end": {
            "line": 29,
            "column": 9
          }
        },
        "type": "if",
        "locations": [
          {
            "start": {
              "line": 26,
              "column": 8
            },
            "end": {
              "line": 29,
              "column": 9
            }
          },
          {
            "start": {},
            "end": {}
          }
        ],
        "line": 26
      },
      "4": {
        "loc": {
          "start": {
            "line": 32,
            "column": 8
          },
          "end": {
            "line": 35,
            "column": 9
          }
        },
        "type": "if",
        "locations": [
          {
            "start": {
              "line": 32,
              "column": 8
            },
            "end": {
              "line": 35,
              "column": 9
            }
          },
          {
            "start": {},
            "end": {}
          }
        ],
        "line": 32
      },
      "5": {
        "loc": {
          "start": {
            "line": 39,
            "column": 8
          },
          "end": {
            "line": 44,
            "column": 9
          }
        },
        "type": "if",
        "locations": [
          {
            "start": {
              "line": 39,
              "column": 8
            },
            "end": {
              "line": 44,
              "column": 9
            }
          },
          {
            "start": {},
            "end": {}
          }
        ],
        "line": 39
      },
      "6": {
        "loc": {
          "start": {
            "line": 63,
            "column": 12
          },
          "end": {
            "line": 75,
            "column": 13
          }
        },
        "type": "if",
        "locations": [
          {
            "start": {
              "line": 63,
              "column": 12
            },
            "end": {
              "line": 75,
              "column": 13
            }
          },
          {
            "start": {},
            "end": {}
          }
        ],
        "line": 63
      },
      "7": {
        "loc": {
          "start": {
            "line": 65,
            "column": 16
          },
          "end": {
            "line": 73,
            "column": 17
          }
        },
        "type": "if",
        "locations": [
          {
            "start": {
              "line": 65,
              "column": 16
            },
            "end": {
              "line": 73,
              "column": 17
            }
          },
          {
            "start": {
              "line": 67,
              "column": 23
            },
            "end": {
              "line": 73,
              "column": 17
            }
          }
        ],
        "line": 65
      },
      "8": {
        "loc": {
          "start": {
            "line": 67,
            "column": 23
          },
          "end": {
            "line": 73,
            "column": 17
          }
        },
        "type": "if",
        "locations": [
          {
            "start": {
              "line": 67,
              "column": 23
            },
            "end": {
              "line": 73,
              "column": 17
            }
          },
          {
            "start": {
              "line": 69,
              "column": 23
            },
            "end": {
              "line": 73,
              "column": 17
            }
          }
        ],
        "line": 67
      },
      "9": {
        "loc": {
          "start": {
            "line": 69,
            "column": 23
          },
          "end": {
            "line": 73,
            "column": 17
          }
        },
        "type": "if",
        "locations": [
          {
            "start": {
              "line": 69,
              "column": 23
            },
            "end": {
              "line": 73,
              "column": 17
            }
          },
          {
            "start": {
              "line": 71,
              "column": 23
            },
            "end": {
              "line": 73,
              "column": 17
            }
          }
        ],
        "line": 69
      },
      "10": {
        "loc": {
          "start": {
            "line": 95,
            "column": 8
          },
          "end": {
            "line": 108,
            "column": 9
          }
        },
        "type": "if",
        "locations": [
          {
            "start": {
              "line": 95,
              "column": 8
            },
            "end": {
              "line": 108,
              "column": 9
            }
          },
          {
            "start": {
              "line": 106,
              "column": 15
            },
            "end": {
              "line": 108,
              "column": 9
            }
          }
        ],
        "line": 95
      },
      "11": {
        "loc": {
          "start": {
            "line": 96,
            "column": 12
          },
          "end": {
            "line": 101,
            "column": 13
          }
        },
        "type": "if",
        "locations": [
          {
            "start": {
              "line": 96,
              "column": 12
            },
            "end": {
              "line": 101,
              "column": 13
            }
          },
          {
            "start": {},
            "end": {}
          }
        ],
        "line": 96
      }
    },
    "s": {
      "0": 20,
      "1": 0,
      "2": 0,
      "3": 0,
      "4": 0,
      "5": 0,
      "6": 0,
      "7": 0,
      "8": 0,
      "9": 0,
      "10": 0,
      "11": 0,
      "12": 0,
      "13": 0,
      "14": 0,
      "15": 0,
      "16": 0,
      "17": 0,
      "18": 0,
      "19": 0,
      "20": 0,
      "21": 0,
      "22": 0,
      "23": 0,
      "24": 0,
      "25": 0,
      "26": 0,
      "27": 0,
      "28": 0,
      "29": 0,
      "30": 0,
      "31": 0,
      "32": 0,
      "33": 0,
      "34": 0,
      "35": 0,
      "36": 0,
      "37": 0,
      "38": 0,
      "39": 0,
      "40": 0,
      "41": 0,
      "42": 0,
      "43": 0,
      "44": 0,
      "45": 0,
      "46": 0,
      "47": 0,
      "48": 0,
      "49": 0,
      "50": 20,
      "51": 0,
      "52": 0,
      "53": 0,
      "54": 0,
      "55": 0,
      "56": 0,
      "57": 0,
      "58": 0,
      "59": 0,
      "60": 0,
      "61": 0,
      "62": 0,
      "63": 0,
      "64": 0,
      "65": 0,
      "66": 0,
      "67": 0,
      "68": 0,
      "69": 0,
      "70": 0,
      "71": 0,
      "72": 20
    },
    "f": {
      "0": 20,
      "1": 0,
      "2": 0,
      "3": 0,
      "4": 0
    },
    "b": {
      "0": [
        0,
        0
      ],
      "1": [
        0,
        0,
        0,
        0,
        0,
        0
      ],
      "2": [
        0,
        0
      ],
      "3": [
        0,
        0
      ],
      "4": [
        0,
        0
      ],
      "5": [
        0,
        0
      ],
      "6": [
        0,
        0
      ],
      "7": [
        0,
        0
      ],
      "8": [
        0,
        0
      ],
      "9": [
        0,
        0
      ],
      "10": [
        0,
        0
      ],
      "11": [
        0,
        0
      ]
    },
    "_coverageSchema": "1a1c01bbd47fc00a2c39e90264f33305004495a9",
    "hash": "72543c0df20d0d030e5f939dd4c20ccb790e0d3c"
  },
  "C:\\My_stuff\\TP\\Year_2_Semester_2\\DevOps\\DevOps_Project_Part_2\\BookTrack_DevOps_Project\\public\\js\\add-transaction.js": {
    "path": "C:\\My_stuff\\TP\\Year_2_Semester_2\\DevOps\\DevOps_Project_Part_2\\BookTrack_DevOps_Project\\public\\js\\add-transaction.js",
    "statementMap": {
      "0": {
        "start": {
          "line": 2,
          "column": 27
        },
        "end": {
          "line": 2,
          "column": 61
        }
      },
      "1": {
        "start": {
          "line": 5,
          "column": 4
        },
        "end": {
          "line": 5,
          "column": 41
        }
      },
      "2": {
        "start": {
          "line": 6,
          "column": 4
        },
        "end": {
          "line": 6,
          "column": 43
        }
      },
      "3": {
        "start": {
          "line": 8,
          "column": 4
        },
        "end": {
          "line": 12,
          "column": 5
        }
      },
      "4": {
        "start": {
          "line": 9,
          "column": 8
        },
        "end": {
          "line": 9,
          "column": 45
        }
      },
      "5": {
        "start": {
          "line": 10,
          "column": 11
        },
        "end": {
          "line": 12,
          "column": 5
        }
      },
      "6": {
        "start": {
          "line": 11,
          "column": 8
        },
        "end": {
          "line": 11,
          "column": 43
        }
      },
      "7": {
        "start": {
          "line": 15,
          "column": 4
        },
        "end": {
          "line": 17,
          "column": 13
        }
      },
      "8": {
        "start": {
          "line": 16,
          "column": 8
        },
        "end": {
          "line": 16,
          "column": 46
        }
      },
      "9": {
        "start": {
          "line": 21,
          "column": 20
        },
        "end": {
          "line": 21,
          "column": 60
        }
      },
      "10": {
        "start": {
          "line": 22,
          "column": 26
        },
        "end": {
          "line": 22,
          "column": 72
        }
      },
      "11": {
        "start": {
          "line": 23,
          "column": 23
        },
        "end": {
          "line": 23,
          "column": 66
        }
      },
      "12": {
        "start": {
          "line": 24,
          "column": 23
        },
        "end": {
          "line": 24,
          "column": 66
        }
      },
      "13": {
        "start": {
          "line": 27,
          "column": 4
        },
        "end": {
          "line": 30,
          "column": 5
        }
      },
      "14": {
        "start": {
          "line": 28,
          "column": 8
        },
        "end": {
          "line": 28,
          "column": 60
        }
      },
      "15": {
        "start": {
          "line": 29,
          "column": 8
        },
        "end": {
          "line": 29,
          "column": 15
        }
      },
      "16": {
        "start": {
          "line": 32,
          "column": 28
        },
        "end": {
          "line": 32,
          "column": 61
        }
      },
      "17": {
        "start": {
          "line": 33,
          "column": 4
        },
        "end": {
          "line": 36,
          "column": 5
        }
      },
      "18": {
        "start": {
          "line": 34,
          "column": 8
        },
        "end": {
          "line": 34,
          "column": 97
        }
      },
      "19": {
        "start": {
          "line": 35,
          "column": 8
        },
        "end": {
          "line": 35,
          "column": 15
        }
      },
      "20": {
        "start": {
          "line": 38,
          "column": 26
        },
        "end": {
          "line": 38,
          "column": 46
        }
      },
      "21": {
        "start": {
          "line": 39,
          "column": 26
        },
        "end": {
          "line": 39,
          "column": 46
        }
      },
      "22": {
        "start": {
          "line": 41,
          "column": 4
        },
        "end": {
          "line": 44,
          "column": 5
        }
      },
      "23": {
        "start": {
          "line": 42,
          "column": 8
        },
        "end": {
          "line": 42,
          "column": 82
        }
      },
      "24": {
        "start": {
          "line": 43,
          "column": 8
        },
        "end": {
          "line": 43,
          "column": 15
        }
      },
      "25": {
        "start": {
          "line": 46,
          "column": 4
        },
        "end": {
          "line": 49,
          "column": 5
        }
      },
      "26": {
        "start": {
          "line": 47,
          "column": 8
        },
        "end": {
          "line": 47,
          "column": 74
        }
      },
      "27": {
        "start": {
          "line": 48,
          "column": 8
        },
        "end": {
          "line": 48,
          "column": 15
        }
      },
      "28": {
        "start": {
          "line": 51,
          "column": 28
        },
        "end": {
          "line": 51,
          "column": 78
        }
      },
      "29": {
        "start": {
          "line": 54,
          "column": 4
        },
        "end": {
          "line": 73,
          "column": 7
        }
      },
      "30": {
        "start": {
          "line": 59,
          "column": 22
        },
        "end": {
          "line": 59,
          "column": 37
        }
      },
      "31": {
        "start": {
          "line": 61,
          "column": 8
        },
        "end": {
          "line": 68,
          "column": 9
        }
      },
      "32": {
        "start": {
          "line": 62,
          "column": 12
        },
        "end": {
          "line": 62,
          "column": 52
        }
      },
      "33": {
        "start": {
          "line": 63,
          "column": 12
        },
        "end": {
          "line": 63,
          "column": 53
        }
      },
      "34": {
        "start": {
          "line": 64,
          "column": 12
        },
        "end": {
          "line": 64,
          "column": 63
        }
      },
      "35": {
        "start": {
          "line": 65,
          "column": 12
        },
        "end": {
          "line": 65,
          "column": 25
        }
      },
      "36": {
        "start": {
          "line": 66,
          "column": 15
        },
        "end": {
          "line": 68,
          "column": 9
        }
      },
      "37": {
        "start": {
          "line": 67,
          "column": 12
        },
        "end": {
          "line": 67,
          "column": 48
        }
      },
      "38": {
        "start": {
          "line": 71,
          "column": 8
        },
        "end": {
          "line": 71,
          "column": 39
        }
      },
      "39": {
        "start": {
          "line": 72,
          "column": 8
        },
        "end": {
          "line": 72,
          "column": 87
        }
      },
      "40": {
        "start": {
          "line": 78,
          "column": 4
        },
        "end": {
          "line": 78,
          "column": 67
        }
      },
      "41": {
        "start": {
          "line": 83,
          "column": 4
        },
        "end": {
          "line": 83,
          "column": 67
        }
      }
    },
    "fnMap": {
      "0": {
        "name": "displayMessage",
        "decl": {
          "start": {
            "line": 1,
            "column": 9
          },
          "end": {
            "line": 1,
            "column": 23
          }
        },
        "loc": {
          "start": {
            "line": 1,
            "column": 39
          },
          "end": {
            "line": 18,
            "column": 1
          }
        },
        "line": 1
      },
      "1": {
        "name": "(anonymous_1)",
        "decl": {
          "start": {
            "line": 15,
            "column": 15
          },
          "end": {
            "line": 15,
            "column": 16
          }
        },
        "loc": {
          "start": {
            "line": 15,
            "column": 21
          },
          "end": {
            "line": 17,
            "column": 5
          }
        },
        "line": 15
      },
      "2": {
        "name": "addTransaction",
        "decl": {
          "start": {
            "line": 20,
            "column": 9
          },
          "end": {
            "line": 20,
            "column": 23
          }
        },
        "loc": {
          "start": {
            "line": 20,
            "column": 26
          },
          "end": {
            "line": 74,
            "column": 1
          }
        },
        "line": 20
      },
      "3": {
        "name": "(anonymous_3)",
        "decl": {
          "start": {
            "line": 59,
            "column": 10
          },
          "end": {
            "line": 59,
            "column": 11
          }
        },
        "loc": {
          "start": {
            "line": 59,
            "column": 22
          },
          "end": {
            "line": 59,
            "column": 37
          }
        },
        "line": 59
      },
      "4": {
        "name": "(anonymous_4)",
        "decl": {
          "start": {
            "line": 60,
            "column": 10
          },
          "end": {
            "line": 60,
            "column": 11
          }
        },
        "loc": {
          "start": {
            "line": 60,
            "column": 18
          },
          "end": {
            "line": 69,
            "column": 5
          }
        },
        "line": 60
      },
      "5": {
        "name": "(anonymous_5)",
        "decl": {
          "start": {
            "line": 70,
            "column": 11
          },
          "end": {
            "line": 70,
            "column": 12
          }
        },
        "loc": {
          "start": {
            "line": 70,
            "column": 20
          },
          "end": {
            "line": 73,
            "column": 5
          }
        },
        "line": 70
      },
      "6": {
        "name": "openModal",
        "decl": {
          "start": {
            "line": 77,
            "column": 9
          },
          "end": {
            "line": 77,
            "column": 18
          }
        },
        "loc": {
          "start": {
            "line": 77,
            "column": 21
          },
          "end": {
            "line": 79,
            "column": 1
          }
        },
        "line": 77
      },
      "7": {
        "name": "closeModal",
        "decl": {
          "start": {
            "line": 82,
            "column": 9
          },
          "end": {
            "line": 82,
            "column": 19
          }
        },
        "loc": {
          "start": {
            "line": 82,
            "column": 22
          },
          "end": {
            "line": 84,
            "column": 1
          }
        },
        "line": 82
      }
    },
    "branchMap": {
      "0": {
        "loc": {
          "start": {
            "line": 8,
            "column": 4
          },
          "end": {
            "line": 12,
            "column": 5
          }
        },
        "type": "if",
        "locations": [
          {
            "start": {
              "line": 8,
              "column": 4
            },
            "end": {
              "line": 12,
              "column": 5
            }
          },
          {
            "start": {
              "line": 10,
              "column": 11
            },
            "end": {
              "line": 12,
              "column": 5
            }
          }
        ],
        "line": 8
      },
      "1": {
        "loc": {
          "start": {
            "line": 10,
            "column": 11
          },
          "end": {
            "line": 12,
            "column": 5
          }
        },
        "type": "if",
        "locations": [
          {
            "start": {
              "line": 10,
              "column": 11
            },
            "end": {
              "line": 12,
              "column": 5
            }
          },
          {
            "start": {},
            "end": {}
          }
        ],
        "line": 10
      },
      "2": {
        "loc": {
          "start": {
            "line": 27,
            "column": 4
          },
          "end": {
            "line": 30,
            "column": 5
          }
        },
        "type": "if",
        "locations": [
          {
            "start": {
              "line": 27,
              "column": 4
            },
            "end": {
              "line": 30,
              "column": 5
            }
          },
          {
            "start": {},
            "end": {}
          }
        ],
        "line": 27
      },
      "3": {
        "loc": {
          "start": {
            "line": 27,
            "column": 8
          },
          "end": {
            "line": 27,
            "column": 64
          }
        },
        "type": "binary-expr",
        "locations": [
          {
            "start": {
              "line": 27,
              "column": 8
            },
            "end": {
              "line": 27,
              "column": 16
            }
          },
          {
            "start": {
              "line": 27,
              "column": 20
            },
            "end": {
              "line": 27,
              "column": 34
            }
          },
          {
            "start": {
              "line": 27,
              "column": 38
            },
            "end": {
              "line": 27,
              "column": 49
            }
          },
          {
            "start": {
              "line": 27,
              "column": 53
            },
            "end": {
              "line": 27,
              "column": 64
            }
          }
        ],
        "line": 27
      },
      "4": {
        "loc": {
          "start": {
            "line": 33,
            "column": 4
          },
          "end": {
            "line": 36,
            "column": 5
          }
        },
        "type": "if",
        "locations": [
          {
            "start": {
              "line": 33,
              "column": 4
            },
            "end": {
              "line": 36,
              "column": 5
            }
          },
          {
            "start": {},
            "end": {}
          }
        ],
        "line": 33
      },
      "5": {
        "loc": {
          "start": {
            "line": 41,
            "column": 4
          },
          "end": {
            "line": 44,
            "column": 5
          }
        },
        "type": "if",
        "locations": [
          {
            "start": {
              "line": 41,
              "column": 4
            },
            "end": {
              "line": 44,
              "column": 5
            }
          },
          {
            "start": {},
            "end": {}
          }
        ],
        "line": 41
      },
      "6": {
        "loc": {
          "start": {
            "line": 41,
            "column": 8
          },
          "end": {
            "line": 41,
            "column": 72
          }
        },
        "type": "binary-expr",
        "locations": [
          {
            "start": {
              "line": 41,
              "column": 8
            },
            "end": {
              "line": 41,
              "column": 38
            }
          },
          {
            "start": {
              "line": 41,
              "column": 42
            },
            "end": {
              "line": 41,
              "column": 72
            }
          }
        ],
        "line": 41
      },
      "7": {
        "loc": {
          "start": {
            "line": 46,
            "column": 4
          },
          "end": {
            "line": 49,
            "column": 5
          }
        },
        "type": "if",
        "locations": [
          {
            "start": {
              "line": 46,
              "column": 4
            },
            "end": {
              "line": 49,
              "column": 5
            }
          },
          {
            "start": {},
            "end": {}
          }
        ],
        "line": 46
      },
      "8": {
        "loc": {
          "start": {
            "line": 61,
            "column": 8
          },
          "end": {
            "line": 68,
            "column": 9
          }
        },
        "type": "if",
        "locations": [
          {
            "start": {
              "line": 61,
              "column": 8
            },
            "end": {
              "line": 68,
              "column": 9
            }
          },
          {
            "start": {
              "line": 66,
              "column": 15
            },
            "end": {
              "line": 68,
              "column": 9
            }
          }
        ],
        "line": 61
      },
      "9": {
        "loc": {
          "start": {
            "line": 66,
            "column": 15
          },
          "end": {
            "line": 68,
            "column": 9
          }
        },
        "type": "if",
        "locations": [
          {
            "start": {
              "line": 66,
              "column": 15
            },
            "end": {
              "line": 68,
              "column": 9
            }
          },
          {
            "start": {},
            "end": {}
          }
        ],
        "line": 66
      }
    },
    "s": {
      "0": 0,
      "1": 0,
      "2": 0,
      "3": 0,
      "4": 0,
      "5": 0,
      "6": 0,
      "7": 0,
      "8": 0,
      "9": 0,
      "10": 0,
      "11": 0,
      "12": 0,
      "13": 0,
      "14": 0,
      "15": 0,
      "16": 0,
      "17": 0,
      "18": 0,
      "19": 0,
      "20": 0,
      "21": 0,
      "22": 0,
      "23": 0,
      "24": 0,
      "25": 0,
      "26": 0,
      "27": 0,
      "28": 0,
      "29": 0,
      "30": 0,
      "31": 0,
      "32": 0,
      "33": 0,
      "34": 0,
      "35": 0,
      "36": 0,
      "37": 0,
      "38": 0,
      "39": 0,
      "40": 0,
      "41": 0
    },
    "f": {
      "0": 0,
      "1": 0,
      "2": 0,
      "3": 0,
      "4": 0,
      "5": 0,
      "6": 0,
      "7": 0
    },
    "b": {
      "0": [
        0,
        0
      ],
      "1": [
        0,
        0
      ],
      "2": [
        0,
        0
      ],
      "3": [
        0,
        0,
        0,
        0
      ],
      "4": [
        0,
        0
      ],
      "5": [
        0,
        0
      ],
      "6": [
        0,
        0
      ],
      "7": [
        0,
        0
      ],
      "8": [
        0,
        0
      ],
      "9": [
        0,
        0
      ]
    },
    "_coverageSchema": "1a1c01bbd47fc00a2c39e90264f33305004495a9",
    "hash": "aff881f7c493b55b24f6faa3459da0c779819128"
  },
  "C:\\My_stuff\\TP\\Year_2_Semester_2\\DevOps\\DevOps_Project_Part_2\\BookTrack_DevOps_Project\\public\\js\\update-book.js": {
    "path": "C:\\My_stuff\\TP\\Year_2_Semester_2\\DevOps\\DevOps_Project_Part_2\\BookTrack_DevOps_Project\\public\\js\\update-book.js",
    "statementMap": {
      "0": {
        "start": {
          "line": 3,
          "column": 4
        },
        "end": {
          "line": 3,
          "column": 67
        }
      },
      "1": {
        "start": {
          "line": 4,
          "column": 4
        },
        "end": {
          "line": 4,
          "column": 72
        }
      },
      "2": {
        "start": {
          "line": 9,
          "column": 21
        },
        "end": {
          "line": 9,
          "column": 63
        }
      },
      "3": {
        "start": {
          "line": 10,
          "column": 18
        },
        "end": {
          "line": 10,
          "column": 39
        }
      },
      "4": {
        "start": {
          "line": 12,
          "column": 4
        },
        "end": {
          "line": 12,
          "column": 79
        }
      },
      "5": {
        "start": {
          "line": 12,
          "column": 31
        },
        "end": {
          "line": 12,
          "column": 77
        }
      },
      "6": {
        "start": {
          "line": 18,
          "column": 4
        },
        "end": {
          "line": 18,
          "column": 34
        }
      },
      "7": {
        "start": {
          "line": 21,
          "column": 4
        },
        "end": {
          "line": 45,
          "column": 5
        }
      },
      "8": {
        "start": {
          "line": 22,
          "column": 18
        },
        "end": {
          "line": 22,
          "column": 19
        }
      },
      "9": {
        "start": {
          "line": 23,
          "column": 8
        },
        "end": {
          "line": 26,
          "column": 9
        }
      },
      "10": {
        "start": {
          "line": 23,
          "column": 21
        },
        "end": {
          "line": 23,
          "column": 22
        }
      },
      "11": {
        "start": {
          "line": 24,
          "column": 12
        },
        "end": {
          "line": 24,
          "column": 61
        }
      },
      "12": {
        "start": {
          "line": 24,
          "column": 48
        },
        "end": {
          "line": 24,
          "column": 61
        }
      },
      "13": {
        "start": {
          "line": 25,
          "column": 12
        },
        "end": {
          "line": 25,
          "column": 51
        }
      },
      "14": {
        "start": {
          "line": 28,
          "column": 23
        },
        "end": {
          "line": 28,
          "column": 30
        }
      },
      "15": {
        "start": {
          "line": 29,
          "column": 8
        },
        "end": {
          "line": 35,
          "column": 9
        }
      },
      "16": {
        "start": {
          "line": 30,
          "column": 12
        },
        "end": {
          "line": 30,
          "column": 27
        }
      },
      "17": {
        "start": {
          "line": 31,
          "column": 15
        },
        "end": {
          "line": 35,
          "column": 9
        }
      },
      "18": {
        "start": {
          "line": 32,
          "column": 12
        },
        "end": {
          "line": 32,
          "column": 47
        }
      },
      "19": {
        "start": {
          "line": 34,
          "column": 12
        },
        "end": {
          "line": 34,
          "column": 25
        }
      },
      "20": {
        "start": {
          "line": 36,
          "column": 8
        },
        "end": {
          "line": 36,
          "column": 30
        }
      },
      "21": {
        "start": {
          "line": 37,
          "column": 11
        },
        "end": {
          "line": 45,
          "column": 5
        }
      },
      "22": {
        "start": {
          "line": 38,
          "column": 18
        },
        "end": {
          "line": 38,
          "column": 19
        }
      },
      "23": {
        "start": {
          "line": 39,
          "column": 8
        },
        "end": {
          "line": 43,
          "column": 9
        }
      },
      "24": {
        "start": {
          "line": 39,
          "column": 21
        },
        "end": {
          "line": 39,
          "column": 22
        }
      },
      "25": {
        "start": {
          "line": 40,
          "column": 26
        },
        "end": {
          "line": 40,
          "column": 47
        }
      },
      "26": {
        "start": {
          "line": 41,
          "column": 12
        },
        "end": {
          "line": 41,
          "column": 43
        }
      },
      "27": {
        "start": {
          "line": 41,
          "column": 30
        },
        "end": {
          "line": 41,
          "column": 43
        }
      },
      "28": {
        "start": {
          "line": 42,
          "column": 12
        },
        "end": {
          "line": 42,
          "column": 51
        }
      },
      "29": {
        "start": {
          "line": 44,
          "column": 8
        },
        "end": {
          "line": 44,
          "column": 30
        }
      },
      "30": {
        "start": {
          "line": 46,
          "column": 4
        },
        "end": {
          "line": 46,
          "column": 17
        }
      },
      "31": {
        "start": {
          "line": 52,
          "column": 4
        },
        "end": {
          "line": 86,
          "column": 5
        }
      },
      "32": {
        "start": {
          "line": 54,
          "column": 25
        },
        "end": {
          "line": 54,
          "column": 77
        }
      },
      "33": {
        "start": {
          "line": 56,
          "column": 8
        },
        "end": {
          "line": 82,
          "column": 9
        }
      },
      "34": {
        "start": {
          "line": 57,
          "column": 25
        },
        "end": {
[...]
        "locations": [
          {
            "start": {
              "line": 12,
              "column": 31
            },
            "end": {
              "line": 12,
              "column": 54
            }
          },
          {
            "start": {
              "line": 12,
              "column": 58
            },
            "end": {
              "line": 12,
              "column": 77
            }
          }
        ],
        "line": 12
      },
      "1": {
        "loc": {
          "start": {
            "line": 21,
            "column": 4
          },
          "end": {
            "line": 45,
            "column": 5
          }
        },
        "type": "if",
        "locations": [
          {
            "start": {
              "line": 21,
              "column": 4
            },
            "end": {
              "line": 45,
              "column": 5
            }
          },
          {
            "start": {
              "line": 37,
              "column": 11
            },
            "end": {
              "line": 45,
              "column": 5
            }
          }
        ],
        "line": 21
      },
      "2": {
        "loc": {
          "start": {
            "line": 24,
            "column": 12
          },
          "end": {
            "line": 24,
            "column": 61
          }
        },
        "type": "if",
        "locations": [
          {
            "start": {
              "line": 24,
              "column": 12
            },
            "end": {
              "line": 24,
              "column": 61
            }
          },
          {
            "start": {},
            "end": {}
          }
        ],
        "line": 24
      },
      "3": {
        "loc": {
          "start": {
            "line": 24,
            "column": 16
          },
          "end": {
            "line": 24,
            "column": 46
          }
        },
        "type": "binary-expr",
        "locations": [
          {
            "start": {
              "line": 24,
              "column": 16
            },
            "end": {
              "line": 24,
              "column": 29
            }
          },
          {
            "start": {
              "line": 24,
              "column": 33
            },
            "end": {
              "line": 24,
              "column": 46
            }
          }
        ],
        "line": 24
      },
      "4": {
        "loc": {
          "start": {
            "line": 29,
            "column": 8
          },
          "end": {
            "line": 35,
            "column": 9
          }
        },
        "type": "if",
        "locations": [
          {
            "start": {
              "line": 29,
              "column": 8
            },
            "end": {
              "line": 35,
              "column": 9
            }
          },
          {
            "start": {
              "line": 31,
              "column": 15
            },
            "end": {
              "line": 35,
              "column": 9
            }
          }
        ],
        "line": 29
      },
      "5": {
        "loc": {
          "start": {
            "line": 31,
            "column": 15
          },
          "end": {
            "line": 35,
            "column": 9
          }
        },
        "type": "if",
        "locations": [
          {
            "start": {
              "line": 31,
              "column": 15
            },
            "end": {
              "line": 35,
              "column": 9
            }
          },
          {
            "start": {
              "line": 33,
              "column": 15
            },
            "end": {
              "line": 35,
              "column": 9
            }
          }
        ],
        "line": 31
      },
      "6": {
        "loc": {
          "start": {
            "line": 31,
            "column": 19
          },
          "end": {
            "line": 31,
            "column": 53
          }
        },
        "type": "binary-expr",
        "locations": [
          {
            "start": {
              "line": 31,
              "column": 19
            },
            "end": {
              "line": 31,
              "column": 34
            }
          },
          {
            "start": {
              "line": 31,
              "column": 38
            },
            "end": {
              "line": 31,
              "column": 53
            }
          }
        ],
        "line": 31
      },
      "7": {
        "loc": {
          "start": {
            "line": 37,
            "column": 11
          },
          "end": {
            "line": 45,
            "column": 5
          }
        },
        "type": "if",
        "locations": [
          {
            "start": {
              "line": 37,
              "column": 11
            },
            "end": {
              "line": 45,
              "column": 5
            }
          },
          {
            "start": {},
            "end": {}
          }
        ],
        "line": 37
      },
      "8": {
        "loc": {
          "start": {
            "line": 41,
            "column": 12
          },
          "end": {
            "line": 41,
            "column": 43
          }
        },
        "type": "if",
        "locations": [
          {
            "start": {
              "line": 41,
              "column": 12
            },
            "end": {
              "line": 41,
              "column": 43
            }
          },
          {
            "start": {},
            "end": {}
          }
        ],
        "line": 41
      },
      "9": {
        "loc": {
          "start": {
            "line": 42,
            "column": 19
          },
          "end": {
            "line": 42,
            "column": 50
          }
        },
        "type": "cond-expr",
        "locations": [
          {
            "start": {
              "line": 42,
              "column": 33
            },
            "end": {
              "line": 42,
              "column": 38
            }
          },
          {
            "start": {
              "line": 42,
              "column": 41
            },
            "end": {
              "line": 42,
              "column": 50
            }
          }
        ],
        "line": 42
      },
      "10": {
        "loc": {
          "start": {
            "line": 56,
            "column": 8
          },
          "end": {
            "line": 82,
            "column": 9
          }
        },
        "type": "if",
        "locations": [
          {
            "start": {
              "line": 56,
              "column": 8
            },
            "end": {
              "line": 82,
              "column": 9
            }
          },
          {
            "start": {
              "line": 80,
              "column": 15
            },
            "end": {
              "line": 82,
              "column": 9
            }
          }
        ],
        "line": 56
      },
      "11": {
        "loc": {
          "start": {
            "line": 70,
            "column": 12
          },
          "end": {
            "line": 75,
            "column": 13
          }
        },
        "type": "if",
        "locations": [
          {
            "start": {
              "line": 70,
              "column": 12
            },
            "end": {
              "line": 75,
              "column": 13
            }
          },
          {
            "start": {
              "line": 73,
              "column": 19
            },
            "end": {
              "line": 75,
              "column": 13
            }
          }
        ],
        "line": 70
      },
      "12": {
        "loc": {
          "start": {
            "line": 94,
            "column": 4
          },
          "end": {
            "line": 110,
            "column": 5
          }
        },
        "type": "if",
        "locations": [
          {
            "start": {
              "line": 94,
              "column": 4
            },
            "end": {
              "line": 110,
              "column": 5
            }
          },
          {
            "start": {},
            "end": {}
          }
        ],
        "line": 94
      },
      "13": {
        "loc": {
          "start": {
            "line": 96,
            "column": 8
          },
          "end": {
            "line": 100,
            "column": 9
          }
        },
        "type": "if",
        "locations": [
          {
            "start": {
              "line": 96,
              "column": 8
            },
            "end": {
              "line": 100,
              "column": 9
            }
          },
          {
            "start": {},
            "end": {}
          }
        ],
        "line": 96
      },
      "14": {
        "loc": {
          "start": {
            "line": 124,
            "column": 4
          },
          "end": {
            "line": 127,
            "column": 5
          }
        },
        "type": "if",
        "locations": [
          {
            "start": {
              "line": 124,
              "column": 4
            },
            "end": {
              "line": 127,
              "column": 5
            }
          },
          {
            "start": {},
            "end": {}
          }
        ],
        "line": 124
      },
      "15": {
        "loc": {
          "start": {
            "line": 129,
            "column": 4
          },
          "end": {
            "line": 132,
            "column": 5
          }
        },
        "type": "if",
        "locations": [
          {
            "start": {
              "line": 129,
              "column": 4
            },
            "end": {
              "line": 132,
              "column": 5
            }
          },
          {
            "start": {},
            "end": {}
          }
        ],
        "line": 129
      },
      "16": {
        "loc": {
          "start": {
            "line": 134,
            "column": 4
          },
          "end": {
            "line": 137,
            "column": 5
          }
        },
        "type": "if",
        "locations": [
          {
            "start": {
              "line": 134,
              "column": 4
            },
            "end": {
              "line": 137,
              "column": 5
            }
          },
          {
            "start": {},
            "end": {}
          }
        ],
        "line": 134
      },
      "17": {
        "loc": {
          "start": {
            "line": 141,
            "column": 4
          },
          "end": {
            "line": 144,
            "column": 5
          }
        },
        "type": "if",
        "locations": [
          {
            "start": {
              "line": 141,
              "column": 4
            },
            "end": {
              "line": 144,
              "column": 5
            }
          },
          {
            "start": {},
            "end": {}
          }
        ],
        "line": 141
      },
      "18": {
        "loc": {
          "start": {
            "line": 147,
            "column": 4
          },
          "end": {
            "line": 149,
            "column": 5
          }
        },
        "type": "if",
        "locations": [
          {
            "start": {
              "line": 147,
              "column": 4
            },
            "end": {
              "line": 149,
              "column": 5
            }
          },
          {
            "start": {},
            "end": {}
          }
        ],
        "line": 147
      },
      "19": {
        "loc": {
          "start": {
            "line": 157,
            "column": 8
          },
          "end": {
            "line": 163,
            "column": 9
          }
        },
        "type": "if",
        "locations": [
          {
            "start": {
              "line": 157,
              "column": 8
            },
            "end": {
              "line": 163,
              "column": 9
            }
          },
          {
            "start": {
              "line": 161,
              "column": 15
            },
            "end": {
              "line": 163,
              "column": 9
            }
          }
        ],
        "line": 157
      },
      "20": {
        "loc": {
          "start": {
            "line": 173,
            "column": 4
          },
          "end": {
            "line": 176,
            "column": 5
          }
        },
        "type": "if",
        "locations": [
          {
            "start": {
              "line": 173,
              "column": 4
            },
            "end": {
              "line": 176,
              "column": 5
            }
          },
          {
            "start": {},
            "end": {}
          }
        ],
        "line": 173
      },
      "21": {
        "loc": {
          "start": {
            "line": 173,
            "column": 8
          },
          "end": {
            "line": 173,
            "column": 69
          }
        },
        "type": "binary-expr",
        "locations": [
          {
            "start": {
              "line": 173,
              "column": 8
            },
            "end": {
              "line": 173,
              "column": 15
            }
          },
          {
            "start": {
              "line": 173,
              "column": 19
            },
            "end": {
              "line": 173,
              "column": 45
            }
          },
          {
            "start": {
              "line": 173,
              "column": 49
            },
            "end": {
              "line": 173,
              "column": 69
            }
          }
        ],
        "line": 173
      },
      "22": {
        "loc": {
          "start": {
            "line": 185,
            "column": 8
          },
          "end": {
            "line": 204,
            "column": 9
          }
        },
        "type": "if",
        "locations": [
          {
            "start": {
              "line": 185,
              "column": 8
            },
            "end": {
              "line": 204,
              "column": 9
            }
          },
          {
            "start": {
              "line": 191,
              "column": 13
            },
            "end": {
              "line": 204,
              "column": 9
            }
          }
        ],
        "line": 185
      },
      "23": {
        "loc": {
          "start": {
            "line": 185,
            "column": 12
          },
          "end": {
            "line": 185,
            "column": 57
          }
        },
        "type": "binary-expr",
        "locations": [
          {
            "start": {
              "line": 185,
              "column": 12
            },
            "end": {
              "line": 185,
              "column": 33
            }
          },
          {
            "start": {
              "line": 185,
              "column": 37
            },
            "end": {
              "line": 185,
              "column": 57
            }
          }
        ],
        "line": 185
      },
      "24": {
        "loc": {
          "start": {
            "line": 191,
            "column": 13
          },
          "end": {
            "line": 204,
            "column": 9
          }
        },
        "type": "if",
        "locations": [
          {
            "start": {
              "line": 191,
              "column": 13
            },
            "end": {
              "line": 204,
              "column": 9
            }
          },
          {
            "start": {
              "line": 196,
              "column": 13
            },
            "end": {
              "line": 204,
              "column": 9
            }
          }
        ],
        "line": 191
      },
      "25": {
        "loc": {
          "start": {
            "line": 196,
            "column": 13
          },
          "end": {
            "line": 204,
            "column": 9
          }
        },
        "type": "if",
        "locations": [
          {
            "start": {
              "line": 196,
              "column": 13
            },
            "end": {
              "line": 204,
              "column": 9
            }
          },
          {
            "start": {
              "line": 201,
              "column": 13
            },
            "end": {
              "line": 204,
              "column": 9
            }
          }
        ],
        "line": 196
      }
    },
    "s": {
      "0": 1,
      "1": 1,
      "2": 6,
      "3": 3,
      "4": 3,
      "5": 3,
      "6": 11,
      "7": 11,
      "8": 5,
      "9": 5,
      "10": 5,
      "11": 44,
      "12": 1,
      "13": 43,
      "14": 4,
      "15": 4,
      "16": 2,
      "17": 2,
      "18": 1,
      "19": 1,
      "20": 3,
      "21": 6,
      "22": 5,
      "23": 5,
      "24": 5,
      "25": 60,
      "26": 60,
      "27": 1,
      "28": 59,
      "29": 4,
      "30": 1,
      "31": 17,
      "32": 17,
      "33": 16,
      "34": 15,
      "35": 15,
      "36": 15,
      "37": 15,
      "38": 15,
      "39": 15,
      "40": 15,
      "41": 15,
      "42": 15,
      "43": 15,
      "44": 14,
      "45": 14,
      "46": 1,
      "47": 15,
      "48": 15,
      "49": 1,
      "50": 1,
      "51": 1,
      "52": 20,
      "53": 1,
      "54": 1,
      "55": 1,
      "56": 1,
      "57": 1,
      "58": 1,
      "59": 0,
      "60": 0,
      "61": 0,
      "62": 0,
      "63": 0,
      "64": 0,
      "65": 20,
      "66": 13,
      "67": 13,
      "68": 13,
      "69": 13,
      "70": 13,
      "71": 13,
      "72": 13,
      "73": 1,
      "74": 1,
      "75": 12,
      "76": 1,
      "77": 1,
      "78": 11,
      "79": 5,
      "80": 5,
      "81": 6,
      "82": 3,
      "83": 1,
      "84": 1,
      "85": 2,
      "86": 2,
      "87": 0,
      "88": 2,
      "89": 2,
      "90": 2,
      "91": 1,
      "92": 1,
      "93": 1,
      "94": 1,
      "95": 0,
      "96": 0,
      "97": 3,
      "98": 1,
      "99": 1,
      "100": 2,
      "101": 2,
      "102": 2,
      "103": 2,
      "104": 0,
      "105": 0,
      "106": 2,
      "107": 1,
      "108": 1,
      "109": 1,
      "110": 1,
      "111": 1,
      "112": 0,
      "113": 0,
      "114": 2,
      "115": 0,
      "116": 0,
      "117": 2
    },
    "f": {
      "0": 1,
      "1": 6,
      "2": 3,
      "3": 11,
      "4": 17,
      "5": 1,
      "6": 0,
      "7": 13,
      "8": 3,
      "9": 2,
      "10": 0
    },
    "b": {
      "0": [
        3,
        1
      ],
      "1": [
        5,
        6
      ],
      "2": [
        1,
        43
      ],
      "3": [
        44,
        44
      ],
      "4": [
        2,
        2
      ],
      "5": [
        1,
        1
      ],
      "6": [
        2,
        2
      ],
      "7": [
        5,
        1
      ],
      "8": [
        1,
        59
      ],
      "9": [
        32,
        27
      ],
      "10": [
        15,
        1
      ],
      "11": [
        14,
        1
      ],
      "12": [
        1,
        0
      ],
      "13": [
        1,
        0
      ],
      "14": [
        1,
        12
      ],
      "15": [
        1,
        11
      ],
      "16": [
        5,
        6
      ],
      "17": [
        1,
        2
      ],
      "18": [
        0,
        2
      ],
      "19": [
        1,
        1
      ],
      "20": [
        1,
        2
      ],
      "21": [
        3,
        2,
        2
      ],
      "22": [
        0,
        2
      ],
      "23": [
        2,
        2
      ],
      "24": [
        1,
        1
      ],
      "25": [
        1,
        0
      ]
    },
    "_coverageSchema": "1a1c01bbd47fc00a2c39e90264f33305004495a9",
    "hash": "4e890e28fceecc0cee40f6809885276a2323c445"
  }
}