{"C:\\My_stuff\\TP\\Year_2_Semester_2\\DevOps\\Front-end\\BookTrack_DevOps_Project\\public\\js\\add-book.js": {"path":"C:\\My_stuff\\TP\\Year_2_Semester_2\\DevOps\\Front-end\\BookTrack_DevOps_Project\\public\\js\\add-book.js","statementMap":{"0":{"start":{"line":3,"column":4},"end":{"line":86,"column":7}},"1":{"start":{"line":4,"column":8},"end":{"line":4,"column":31}},"2":{"start":{"line":7,"column":22},"end":{"line":7,"column":67}},"3":{"start":{"line":8,"column":23},"end":{"line":8,"column":69}},"4":{"start":{"line":9,"column":21},"end":{"line":9,"column":65}},"5":{"start":{"line":10,"column":22},"end":{"line":10,"column":60}},"6":{"start":{"line":11,"column":32},"end":{"line":11,"column":71}},"7":{"start":{"line":12,"column":22},"end":{"line":12,"column":63}},"8":{"start":{"line":15,"column":8},"end":{"line":18,"column":9}},"9":{"start":{"line":16,"column":12},"end":{"line":16,"column":82}},"10":{"start":{"line":17,"column":12},"end":{"line":17,"column":19}},"11":{"start":{"line":21,"column":8},"end":{"line":24,"column":9}},"12":{"start":{"line":22,"column":12},"end":{"line":22,"column":61}},"13":{"start":{"line":23,"column":12},"end":{"line":23,"column":19}},"14":{"start":{"line":26,"column":8},"end":{"line":29,"column":9}},"15":{"start":{"line":27,"column":12},"end":{"line":27,"column":69}},"16":{"start":{"line":28,"column":12},"end":{"line":28,"column":19}},"17":{"start":{"line":32,"column":8},"end":{"line":35,"column":9}},"18":{"start":{"line":33,"column":12},"end":{"line":33,"column":55}},"19":{"start":{"line":34,"column":12},"end":{"line":34,"column":19}},"20":{"start":{"line":38,"column":30},"end":{"line":38,"column":80}},"21":{"start":{"line":39,"column":8},"end":{"line":44,"column":9}},"22":{"start":{"line":41,"column":12},"end":{"line":41,"column":24}},"23":{"start":{"line":42,"column":12},"end":{"line":42,"column":24}},"24":{"start":{"line":43,"column":12},"end":{"line":43,"column":19}},"25":{"start":{"line":47,"column":21},"end":{"line":47,"column":35}},"26":{"start":{"line":48,"column":8},"end":{"line":48,"column":36}},"27":{"start":{"line":49,"column":8},"end":{"line":49,"column":38}},"28":{"start":{"line":50,"column":8},"end":{"line":50,"column":34}},"29":{"start":{"line":51,"column":8},"end":{"line":51,"column":36}},"30":{"start":{"line":52,"column":8},"end":{"line":52,"column":56}},"31":{"start":{"line":53,"column":8},"end":{"line":53,"column":36}},"32":{"start":{"line":55,"column":8},"end":{"line":85,"column":9}},"33":{"start":{"line":57,"column":29},"end":{"line":60,"column":14}},"34":{"start":{"line":63,"column":12},"end":{"line":75,"column":13}},"35":{"start":{"line":64,"column":34},"end":{"line":64,"column":55}},"36":{"start":{"line":65,"column":16},"end":{"line":73,"column":17}},"37":{"start":{"line":66,"column":20},"end":{"line":66,"column":82}},"38":{"start":{"line":67,"column":23},"end":{"line":73,"column":17}},"39":{"start":{"line":68,"column":20},"end":{"line":68,"column":80}},"40":{"start":{"line":69,"column":23},"end":{"line":73,"column":17}},"41":{"start":{"line":70,"column":20},"end":{"line":70,"column":63}},"42":{"start":{"line":72,"column":20},"end":{"line":72,"column":49}},"43":{"start":{"line":74,"column":16},"end":{"line":74,"column":23}},"44":{"start":{"line":78,"column":12},"end":{"line":78,"column":46}},"45":{"start":{"line":79,"column":12},"end":{"line":79,"column":24}},"46":{"start":{"line":80,"column":12},"end":{"line":80,"column":24}},"47":{"start":{"line":81,"column":12},"end":{"line":81,"column":23}},"48":{"start":{"line":83,"column":12},"end":{"line":83,"column":43}},"49":{"start":{"line":84,"column":12},"end":{"line":84,"column":62}},"50":{"start":{"line":89,"column":4},"end":{"line":109,"column":7}},"51":{"start":{"line":90,"column":29},"end":{"line":90,"column":68}},"52":{"start":{"line":91,"column":8},"end":{"line":91,"column":36}},"53":{"start":{"line":92,"column":21},"end":{"line":92,"column":34}},"54":{"start":{"line":95,"column":8},"end":{"line":108,"column":9}},"55":{"start":{"line":96,"column":12},"end":{"line":101,"column":13}},"56":{"start":{"line":97,"column":16},"end":{"line":97,"column":70}},"57":{"start":{"line":98,"column":16},"end":{"line":98,"column":32}},"58":{"start":{"line":99,"column":16},"end":{"line":99,"column":74}},"59":{"start":{"line":100,"column":16},"end":{"line":100,"column":23}},"60":{"start":{"line":103,"column":24},"end":{"line":103,"column":53}},"61":{"start":{"line":104,"column":12},"end":{"line":104,"column":48}},"62":{"start":{"line":105,"column":12},"end":{"line":105,"column":42}},"63":{"start":{"line":107,"column":12},"end":{"line":107,"column":70}},"64":{"start":{"line":114,"column":4},"end":{"line":114,"column":68}},"65":{"start":{"line":115,"column":4},"end":{"line":115,"column":62}},"66":{"start":{"line":116,"column":4},"end":{"line":116,"column":48}},"67":{"start":{"line":117,"column":25},"end":{"line":117,"column":64}},"68":{"start":{"line":118,"column":4},"end":{"line":118,"column":48}},"69":{"start":{"line":119,"column":4},"end":{"line":119,"column":62}},"70":{"start":{"line":124,"column":4},"end":{"line":124,"column":69}},"71":{"start":{"line":125,"column":4},"end":{"line":125,"column":63}},"72":{"start":{"line":136,"column":0},"end":{"line":136,"column":17}}},"fnMap":{"0":{"name":"addBookFeature","decl":{"start":{"line":1,"column":9},"end":{"line":1,"column":23}},"loc":{"start":{"line":1,"column":26},"end":{"line":110,"column":1}},"line":1},"1":{"name":"(anonymous_1)","decl":{"start":{"line":3,"column":67},"end":{"line":3,"column":68}},"loc":{"start":{"line":3,"column":90},"end":{"line":86,"column":5}},"line":3},"2":{"name":"(anonymous_2)","decl":{"start":{"line":89,"column":64},"end":{"line":89,"column":65}},"loc":{"start":{"line":89,"column":76},"end":{"line":109,"column":5}},"line":89},"3":{"name":"resetForm","decl":{"start":{"line":113,"column":9},"end":{"line":113,"column":18}},"loc":{"start":{"line":113,"column":21},"end":{"line":120,"column":1}},"line":113},"4":{"name":"openForm","decl":{"start":{"line":123,"column":9},"end":{"line":123,"column":17}},"loc":{"start":{"line":123,"column":20},"end":{"line":126,"column":1}},"line":123}},"branchMap":{"0":{"loc":{"start":{"line":15,"column":8},"end":{"line":18,"column":9}},"type":"if","locations":[{"start":{"line":15,"column":8},"end":{"line":18,"column":9}},{"start":{},"end":{}}],"line":15},"1":{"loc":{"start":{"line":15,"column":12},"end":{"line":15,"column":78}},"type":"binary-expr","locations":[{"start":{"line":15,"column":12},"end":{"line":15,"column":18}},{"start":{"line":15,"column":22},"end":{"line":15,"column":29}},{"start":{"line":15,"column":33},"end":{"line":15,"column":38}},{"start":{"line":15,"column":42},"end":{"line":15,"column":48}},{"start":{"line":15,"column":52},"end":{"line":15,"column":68}},{"start":{"line":15,"column":72},"end":{"line":15,"column":78}}],"line":15},"2":{"loc":{"start":{"line":21,"column":8},"end":{"line":24,"column":9}},"type":"if","locations":[{"start":{"line":21,"column":8},"end":{"line":24,"column":9}},{"start":{},"end":{}}],"line":21},"3":{"loc":{"start":{"line":26,"column":8},"end":{"line":29,"column":9}},"type":"if","locations":[{"start":{"line":26,"column":8},"end":{"line":29,"column":9}},{"start":{},"end":{}}],"line":26},"4":{"loc":{"start":{"line":32,"column":8},"end":{"line":35,"column":9}},"type":"if","locations":[{"start":{"line":32,"column":8},"end":{"line":35,"column":9}},{"start":{},"end":{}}],"line":32},"5":{"loc":{"start":{"line":39,"column":8},"end":{"line":44,"column":9}},"type":"if","locations":[{"start":{"line":39,"column":8},"end":{"line":44,"column":9}},{"start":{},"end":{}}],"line":39},"6":{"loc":{"start":{"line":63,"column":12},"end":{"line":75,"column":13}},"type":"if","locations":[{"start":{"line":63,"column":12},"end":{"line":75,"column":13}},{"start":{},"end":{}}],"line":63},"7":{"loc":{"start":{"line":65,"column":16},"end":{"line":73,"column":17}},"type":"if","locations":[{"start":{"line":65,"column":16},"end":{"line":73,"column":17}},{"start":{"line":67,"column":23},"end":{"line":73,"column":17}}],"line":65},"8":{"loc":{"start":{"line":67,"column":23},"end":{"line":73,"column":17}},"type":"if","locations":[{"start":{"line":67,"column":23},"end":{"line":73,"column":17}},{"start":{"line":69,"column":23},"end":{"line":73,"column":17}}],"line":67},"9":{"loc":{"start":{"line":69,"column":23},"end":{"line":73,"column":17}},"type":"if","locations":[{"start":{"line":69,"column":23},"end":{"line":73,"column":17}},{"start":{"line":71,"column":23},"end":{"line":73,"column":17}}],"line":69},"10":{"loc":{"start":{"line":95,"column":8},"end":{"line":108,"column":9}},"type":"if","locations":[{"start":{"line":95,"column":8},"end":{"line":108,"column":9}},{"start":{"line":106,"column":15},"end":{"line":108,"column":9}}],"line":95},"11":{"loc":{"start":{"line":96,"column":12},"end":{"line":101,"column":13}},"type":"if","locations":[{"start":{"line":96,"column":12},"end":{"line":101,"column":13}},{"start":{},"end":{}}],"line":96}},"s":{"0":18,"1":0,"2":0,"3":0,"4":0,"5":0,"6":0,"7":0,"8":0,"9":0,"10":0,"11":0,"12":0,"13":0,"14":0,"15":0,"16":0,"17":0,"18":0,"19":0,"20":0,"21":0,"22":0,"23":0,"24":0,"25":0,"26":0,"27":0,"28":0,"29":0,"30":0,"31":0,"32":0,"33":0,"34":0,"35":0,"36":0,"37":0,"38":0,"39":0,"40":0,"41":0,"42":0,"43":0,"44":0,"45":0,"46":0,"47":0,"48":0,"49":0,"50":18,"51":1,"52":1,"53":1,"54":1,"55":1,"56":0,"57":0,"58":0,"59":0,"60":1,"61":1,"62":1,"63":0,"64":0,"65":0,"66":0,"67":0,"68":0,"69":0,"70":0,"71":0,"72":18},"f":{"0":18,"1":0,"2":1,"3":0,"4":0},"b":{"0":[0,0],"1":[0,0,0,0,0,0],"2":[0,0],"3":[0,0],"4":[0,0],"5":[0,0],"6":[0,0],"7":[0,0],"8":[0,0],"9":[0,0],"10":[1,0],"11":[0,1]},"_coverageSchema":"1a1c01bbd47fc00a2c39e90264f33305004495a9","hash":"a9a0e0a9b284caad370f83a62e395b1b1da5e0be"}
,"C:\\My_stuff\\TP\\Year_2_Semester_2\\DevOps\\Front-end\\BookTrack_DevOps_Project\\public\\js\\add-transaction.js": {"path":"C:\\My_stuff\\TP\\Year_2_Semester_2\\DevOps\\Front-end\\BookTrack_DevOps_Project\\public\\js\\add-transaction.js","statementMap":{"0":{"start":{"line":2,"column":27},"end":{"line":2,"column":61}},"1":{"start":{"line":5,"column":4},"end":{"line":5,"column":41}},"2":{"start":{"line":6,"column":4},"end":{"line":6,"column":43}},"3":{"start":{"line":8,"column":4},"end":{"line":12,"column":5}},"4":{"start":{"line":9,"column":8},"end":{"line":9,"column":45}},"5":{"start":{"line":10,"column":11},"end":{"line":12,"column":5}},"6":{"start":{"line":11,"column":8},"end":{"line":11,"column":43}},"7":{"start":{"line":15,"column":4},"end":{"line":17,"column":13}},"8":{"start":{"line":16,"column":8},"end":{"line":16,"column":46}},"9":{"start":{"line":21,"column":20},"end":{"line":21,"column":60}},"10":{"start":{"line":22,"column":26},"end":{"line":22,"column":72}},"11":{"start":{"line":23,"column":23},"end":{"line":23,"column":66}},"12":{"start":{"line":24,"column":23},"end":{"line":24,"column":66}},"13":{"start":{"line":27,"column":4},"end":{"line":30,"column":5}},"14":{"start":{"line":28,"column":8},"end":{"line":28,"column":60}},"15":{"start":{"line":29,"column":8},"end":{"line":29,"column":15}},"16":{"start":{"line":32,"column":28},"end":{"line":32,"column":61}},"17":{"start":{"line":33,"column":4},"end":{"line":36,"column":5}},"18":{"start":{"line":34,"column":8},"end":{"line":34,"column":97}},"19":{"start":{"line":35,"column":8},"end":{"line":35,"column":15}},"20":{"start":{"line":38,"column":26},"end":{"line":38,"column":46}},"21":{"start":{"line":39,"column":26},"end":{"line":39,"column":46}},"22":{"start":{"line":41,"column":4},"end":{"line":44,"column":5}},"23":{"start":{"line":42,"column":8},"end":{"line":42,"column":82}},"24":{"start":{"line":43,"column":8},"end":{"line":43,"column":15}},"25":{"start":{"line":46,"column":4},"end":{"line":49,"column":5}},"26":{"start":{"line":47,"column":8},"end":{"line":47,"column":74}},"27":{"start":{"line":48,"column":8},"end":{"line":48,"column":15}},"28":{"start":{"line":51,"column":28},"end":{"line":51,"column":78}},"29":{"start":{"line":54,"column":4},"end":{"line":73,"column":7}},"30":{"start":{"line":59,"column":22},"end":{"line":59,"column":37}},"31":{"start":{"line":61,"column":8},"end":{"line":68,"column":9}},"32":{"start":{"line":62,"column":12},"end":{"line":62,"column":52}},"33":{"start":{"line":63,"column":12},"end":{"line":63,"column":53}},"34":{"start":{"line":64,"column":12},"end":{"line":64,"column":63}},"35":{"start":{"line":65,"column":12},"end":{"line":65,"column":25}},"36":{"start":{"line":66,"column":15},"end":{"line":68,"column":9}},"37":{"start":{"line":67,"column":12},"end":{"line":67,"column":48}},"38":{"start":{"line":71,"column":8},"end":{"line":71,"column":39}},"39":{"start":{"line":72,"column":8},"end":{"line":72,"column":87}},"40":{"start":{"line":78,"column":4},"end":{"line":78,"column":67}},"41":{"start":{"line":83,"column":4},"end":{"line":83,"column":67}}},"fnMap":{"0":{"name":"displayMessage","decl":{"start":{"line":1,"column":9},"end":{"line":1,"column":23}},"loc":{"start":{"line":1,"column":39},"end":{"line":18,"column":1}},"line":1},"1":{"name":"(anonymous_1)","decl":{"start":{"line":15,"column":15},"end":{"line":15,"column":16}},"loc":{"start":{"line":15,"column":21},"end":{"line":17,"column":5}},"line":15},"2":{"name":"addTransaction","decl":{"start":{"line":20,"column":9},"end":{"line":20,"column":23}},"loc":{"start":{"line":20,"column":26},"end":{"line":74,"column":1}},"line":20},"3":{"name":"(anonymous_3)","decl":{"start":{"line":59,"column":10},"end":{"line":59,"column":11}},"loc":{"start":{"line":59,"column":22},"end":{"line":59,"column":37}},"line":59},"4":{"name":"(anonymous_4)","decl":{"start":{"line":60,"column":10},"end":{"line":60,"column":11}},"loc":{"start":{"line":60,"column":18},"end":{"line":69,"column":5}},"line":60},"5":{"name":"(anonymous_5)","decl":{"start":{"line":70,"column":11},"end":{"line":70,"column":12}},"loc":{"start":{"line":70,"column":20},"end":{"line":73,"column":5}},"line":70},"6":{"name":"openModal","decl":{"start":{"line":77,"column":9},"end":{"line":77,"column":18}},"loc":{"start":{"line":77,"column":21},"end":{"line":79,"column":1}},"line":77},"7":{"name":"closeModal","decl":{"start":{"line":82,"column":9},"end":{"line":82,"column":19}},"loc":{"start":{"line":82,"column":22},"end":{"line":84,"column":1}},"line":82}},"branchMap":{"0":{"loc":{"start":{"line":8,"column":4},"end":{"line":12,"column":5}},"type":"if","locations":[{"start":{"line":8,"column":4},"end":{"line":12,"column":5}},{"start":{"line":10,"column":11},"end":{"line":12,"column":5}}],"line":8},"1":{"loc":{"start":{"line":10,"column":11},"end":{"line":12,"column":5}},"type":"if","locations":[{"start":{"line":10,"column":11},"end":{"line":12,"column":5}},{"start":{},"end":{}}],"line":10},"2":{"loc":{"start":{"line":27,"column":4},"end":{"line":30,"column":5}},"type":"if","locations":[{"start":{"line":27,"column":4},"end":{"line":30,"column":5}},{"start":{},"end":{}}],"line":27},"3":{"loc":{"start":{"line":27,"column":8},"end":{"line":27,"column":64}},"type":"binary-expr","locations":[{"start":{"line":27,"column":8},"end":{"line":27,"column":16}},{"start":{"line":27,"column":20},"end":{"line":27,"column":34}},{"start":{"line":27,"column":38},"end":{"line":27,"column":49}},{"start":{"line":27,"column":53},"end":{"line":27,"column":64}}],"line":27},"4":{"loc":{"start":{"line":33,"column":4},"end":{"line":36,"column":5}},"type":"if","locations":[{"start":{"line":33,"column":4},"end":{"line":36,"column":5}},{"start":{},"end":{}}],"line":33},"5":{"loc":{"start":{"line":41,"column":4},"end":{"line":44,"column":5}},"type":"if","locations":[{"start":{"line":41,"column":4},"end":{"line":44,"column":5}},{"start":{},"end":{}}],"line":41},"6":{"loc":{"start":{"line":41,"column":8},"end":{"line":41,"column":72}},"type":"binary-expr","locations":[{"start":{"line":41,"column":8},"end":{"line":41,"column":38}},{"start":{"line":41,"column":42},"end":{"line":41,"column":72}}],"line":41},"7":{"loc":{"start":{"line":46,"column":4},"end":{"line":49,"column":5}},"type":"if","locations":[{"start":{"line":46,"column":4},"end":{"line":49,"column":5}},{"start":{},"end":{}}],"line":46},"8":{"loc":{"start":{"line":61,"column":8},"end":{"line":68,"column":9}},"type":"if","locations":[{"start":{"line":61,"column":8},"end":{"line":68,"column":9}},{"start":{"line":66,"column":15},"end":{"line":68,"column":9}}],"line":61},"9":{"loc":{"start":{"line":66,"column":15},"end":{"line":68,"column":9}},"type":"if","locations":[{"start":{"line":66,"column":15},"end":{"line":68,"column":9}},{"start":{},"end":{}}],"line":66}},"s":{"0":0,"1":0,"2":0,"3":0,"4":0,"5":0,"6":0,"7":0,"8":0,"9":0,"10":0,"11":0,"12":0,"13":0,"14":0,"15":0,"16":0,"17":0,"18":0,"19":0,"20":0,"21":0,"22":0,"23":0,"24":0,"25":0,"26":0,"27":0,"28":0,"29":0,"30":0,"31":0,"32":0,"33":0,"34":0,"35":0,"36":0,"37":0,"38":0,"39":0,"40":0,"41":0},"f":{"0":0,"1":0,"2":0,"3":0,"4":0,"5":0,"6":0,"7":0},"b":{"0":[0,0],"1":[0,0],"2":[0,0],"3":[0,0,0,0],"4":[0,0],"5":[0,0],"6":[0,0],"7":[0,0],"8":[0,0],"9":[0,0]},"_coverageSchema":"1a1c01bbd47fc00a2c39e90264f33305004495a9","hash":"177cb0b77caddb795991ad1edc2101e06d65628b"}
,"C:\\My_stuff\\TP\\Year_2_Semester_2\\DevOps\\Front-end\\BookTrack_DevOps_Project\\public\\js\\get-book.js": {"path":"C:\\My_stuff\\TP\\Year_2_Semester_2\\DevOps\\Front-end\\BookTrack_DevOps_Project\\public\\js\\get-book.js","statementMap":{"0":{"start":{"line":3,"column":20},"end":{"line":3,"column":40}},"1":{"start":{"line":6,"column":4},"end":{"line":6,"column":63}},"2":{"start":{"line":9,"column":4},"end":{"line":9,"column":61}},"3":{"start":{"line":12,"column":4},"end":{"line":38,"column":6}},"4":{"start":{"line":14,"column":8},"end":{"line":14,"column":66}},"5":{"start":{"line":17,"column":8},"end":{"line":37,"column":9}},"6":{"start":{"line":18,"column":12},"end":{"line":26,"column":13}},"7":{"start":{"line":20,"column":30},"end":{"line":20,"column":62}},"8":{"start":{"line":21,"column":16},"end":{"line":21,"column":36}},"9":{"start":{"line":24,"column":16},"end":{"line":24,"column":80}},"10":{"start":{"line":25,"column":16},"end":{"line":25,"column":60}},"11":{"start":{"line":29,"column":13},"end":{"line":37,"column":9}},"12":{"start":{"line":30,"column":12},"end":{"line":30,"column":55}},"13":{"start":{"line":31,"column":12},"end":{"line":31,"column":70}},"14":{"start":{"line":35,"column":12},"end":{"line":35,"column":71}},"15":{"start":{"line":36,"column":12},"end":{"line":36,"column":72}},"16":{"start":{"line":41,"column":4},"end":{"line":48,"column":6}},"17":{"start":{"line":43,"column":8},"end":{"line":43,"column":66}},"18":{"start":{"line":46,"column":8},"end":{"line":46,"column":60}},"19":{"start":{"line":47,"column":8},"end":{"line":47,"column":95}},"20":{"start":{"line":51,"column":4},"end":{"line":51,"column":19}},"21":{"start":{"line":58,"column":26},"end":{"line":58,"column":66}},"22":{"start":{"line":61,"column":4},"end":{"line":64,"column":5}},"23":{"start":{"line":62,"column":8},"end":{"line":62,"column":63}},"24":{"start":{"line":63,"column":8},"end":{"line":63,"column":15}},"25":{"start":{"line":66,"column":15},"end":{"line":66,"column":17}},"26":{"start":{"line":69,"column":4},"end":{"line":89,"column":5}},"27":{"start":{"line":71,"column":8},"end":{"line":88,"column":9}},"28":{"start":{"line":72,"column":12},"end":{"line":85,"column":18}},"29":{"start":{"line":87,"column":12},"end":{"line":87,"column":56}},"30":{"start":{"line":91,"column":4},"end":{"line":91,"column":35}},"31":{"start":{"line":97,"column":4},"end":{"line":100,"column":5}},"32":{"start":{"line":98,"column":8},"end":{"line":98,"column":61}},"33":{"start":{"line":99,"column":8},"end":{"line":99,"column":15}},"34":{"start":{"line":102,"column":20},"end":{"line":102,"column":40}},"35":{"start":{"line":104,"column":4},"end":{"line":104,"column":71}},"36":{"start":{"line":107,"column":4},"end":{"line":129,"column":6}},"37":{"start":{"line":109,"column":8},"end":{"line":128,"column":9}},"38":{"start":{"line":111,"column":25},"end":{"line":111,"column":57}},"39":{"start":{"line":112,"column":12},"end":{"line":112,"column":37}},"40":{"start":{"line":115,"column":13},"end":{"line":128,"column":9}},"41":{"start":{"line":116,"column":12},"end":{"line":116,"column":80}},"42":{"start":{"line":117,"column":12},"end":{"line":117,"column":73}},"43":{"start":{"line":120,"column":13},"end":{"line":128,"column":9}},"44":{"start":{"line":121,"column":12},"end":{"line":121,"column":63}},"45":{"start":{"line":122,"column":12},"end":{"line":122,"column":65}},"46":{"start":{"line":126,"column":12},"end":{"line":126,"column":78}},"47":{"start":{"line":127,"column":12},"end":{"line":127,"column":71}},"48":{"start":{"line":132,"column":4},"end":{"line":136,"column":6}},"49":{"start":{"line":134,"column":8},"end":{"line":134,"column":59}},"50":{"start":{"line":135,"column":8},"end":{"line":135,"column":98}},"51":{"start":{"line":139,"column":4},"end":{"line":139,"column":19}}},"fnMap":{"0":{"name":"getBooks","decl":{"start":{"line":2,"column":9},"end":{"line":2,"column":17}},"loc":{"start":{"line":2,"column":20},"end":{"line":52,"column":1}},"line":2},"1":{"name":"(anonymous_1)","decl":{"start":{"line":12,"column":21},"end":{"line":12,"column":22}},"loc":{"start":{"line":12,"column":33},"end":{"line":38,"column":5}},"line":12},"2":{"name":"(anonymous_2)","decl":{"start":{"line":41,"column":22},"end":{"line":41,"column":23}},"loc":{"start":{"line":41,"column":34},"end":{"line":48,"column":5}},"line":41},"3":{"name":"displayBooks","decl":{"start":{"line":57,"column":9},"end":{"line":57,"column":21}},"loc":{"start":{"line":57,"column":29},"end":{"line":92,"column":1}},"line":57},"4":{"name":"getBookById","decl":{"start":{"line":95,"column":9},"end":{"line":95,"column":20}},"loc":{"start":{"line":95,"column":29},"end":{"line":142,"column":1}},"line":95},"5":{"name":"(anonymous_5)","decl":{"start":{"line":107,"column":21},"end":{"line":107,"column":22}},"loc":{"start":{"line":107,"column":33},"end":{"line":129,"column":5}},"line":107},"6":{"name":"(anonymous_6)","decl":{"start":{"line":132,"column":22},"end":{"line":132,"column":23}},"loc":{"start":{"line":132,"column":34},"end":{"line":136,"column":5}},"line":132}},"branchMap":{"0":{"loc":{"start":{"line":17,"column":8},"end":{"line":37,"column":9}},"type":"if","locations":[{"start":{"line":17,"column":8},"end":{"line":37,"column":9}},{"start":{"line":29,"column":13},"end":{"line":37,"column":9}}],"line":17},"1":{"loc":{"start":{"line":17,"column":12},"end":{"line":17,"column":57}},"type":"binary-expr","locations":[{"start":{"line":17,"column":12},"end":{"line":17,"column":33}},{"start":{"line":17,"column":37},"end":{"line":17,"column":57}}],"line":17},"2":{"loc":{"start":{"line":29,"column":13},"end":{"line":37,"column":9}},"type":"if","locations":[{"start":{"line":29,"column":13},"end":{"line":37,"column":9}},{"start":{"line":34,"column":13},"end":{"line":37,"column":9}}],"line":29},"3":{"loc":{"start":{"line":61,"column":4},"end":{"line":64,"column":5}},"type":"if","locations":[{"start":{"line":61,"column":4},"end":{"line":64,"column":5}},{"start":{},"end":{}}],"line":61},"4":{"loc":{"start":{"line":61,"column":8},"end":{"line":61,"column":36}},"type":"binary-expr","locations":[{"start":{"line":61,"column":8},"end":{"line":61,"column":14}},{"start":{"line":61,"column":18},"end":{"line":61,"column":36}}],"line":61},"5":{"loc":{"start":{"line":71,"column":8},"end":{"line":88,"column":9}},"type":"if","locations":[{"start":{"line":71,"column":8},"end":{"line":88,"column":9}},{"start":{"line":86,"column":15},"end":{"line":88,"column":9}}],"line":71},"6":{"loc":{"start":{"line":71,"column":12},"end":{"line":71,"column":88}},"type":"binary-expr","locations":[{"start":{"line":71,"column":12},"end":{"line":71,"column":22}},{"start":{"line":71,"column":26},"end":{"line":71,"column":37}},{"start":{"line":71,"column":41},"end":{"line":71,"column":50}},{"start":{"line":71,"column":54},"end":{"line":71,"column":64}},{"start":{"line":71,"column":68},"end":{"line":71,"column":88}}],"line":71},"7":{"loc":{"start":{"line":97,"column":4},"end":{"line":100,"column":5}},"type":"if","locations":[{"start":{"line":97,"column":4},"end":{"line":100,"column":5}},{"start":{},"end":{}}],"line":97},"8":{"loc":{"start":{"line":97,"column":8},"end":{"line":97,"column":69}},"type":"binary-expr","locations":[{"start":{"line":97,"column":8},"end":{"line":97,"column":15}},{"start":{"line":97,"column":19},"end":{"line":97,"column":45}},{"start":{"line":97,"column":49},"end":{"line":97,"column":69}}],"line":97},"9":{"loc":{"start":{"line":109,"column":8},"end":{"line":128,"column":9}},"type":"if","locations":[{"start":{"line":109,"column":8},"end":{"line":128,"column":9}},{"start":{"line":115,"column":13},"end":{"line":128,"column":9}}],"line":109},"10":{"loc":{"start":{"line":109,"column":12},"end":{"line":109,"column":57}},"type":"binary-expr","locations":[{"start":{"line":109,"column":12},"end":{"line":109,"column":33}},{"start":{"line":109,"column":37},"end":{"line":109,"column":57}}],"line":109},"11":{"loc":{"start":{"line":115,"column":13},"end":{"line":128,"column":9}},"type":"if","locations":[{"start":{"line":115,"column":13},"end":{"line":128,"column":9}},{"start":{"line":120,"column":13},"end":{"line":128,"column":9}}],"line":115},"12":{"loc":{"start":{"line":120,"column":13},"end":{"line":128,"column":9}},"type":"if","locations":[{"start":{"line":120,"column":13},"end":{"line":128,"column":9}},{"start":{"line":125,"column":13},"end":{"line":128,"column":9}}],"line":120}},"s":{"0":19,"1":19,"2":19,"3":19,"4":18,"5":18,"6":18,"7":18,"8":18,"9":0,"10":0,"11":0,"12":0,"13":0,"14":0,"15":0,"16":19,"17":0,"18":0,"19":0,"20":19,"21":18,"22":18,"23":0,"24":0,"25":18,"26":18,"27":18,"28":18,"29":0,"30":18,"31":0,"32":0,"33":0,"34":0,"35":0,"36":0,"37":0,"38":0,"39":0,"40":0,"41":0,"42":0,"43":0,"44":0,"45":0,"46":0,"47":0,"48":0,"49":0,"50":0,"51":0},"f":{"0":19,"1":18,"2":0,"3":18,"4":0,"5":0,"6":0},"b":{"0":[18,0],"1":[18,18],"2":[0,0],"3":[0,18],"4":[18,18],"5":[18,0],"6":[18,18,18,18,18],"7":[0,0],"8":[0,0,0],"9":[0,0],"10":[0,0],"11":[0,0],"12":[0,0]},"_coverageSchema":"1a1c01bbd47fc00a2c39e90264f33305004495a9","hash":"ed09da56259bc5d6c180d8e32c2420b98f4e08bc"}
,"C:\\My_stuff\\TP\\Year_2_Semester_2\\DevOps\\Front-end\\BookTrack_DevOps_Project\\public\\js\\search-books.js": {"path":"C:\\My_stuff\\TP\\Year_2_Semester_2\\DevOps\\Front-end\\BookTrack_DevOps_Project\\public\\js\\search-books.js","statementMap":{"0":{"start":{"line":3,"column":18},"end":{"line":3,"column":69}},"1":{"start":{"line":6,"column":4},"end":{"line":9,"column":5}},"2":{"start":{"line":7,"column":8},"end":{"line":7,"column":64}},"3":{"start":{"line":8,"column":8},"end":{"line":8,"column":15}},"4":{"start":{"line":12,"column":4},"end":{"line":15,"column":5}},"5":{"start":{"line":13,"column":8},"end":{"line":13,"column":74}},"6":{"start":{"line":14,"column":8},"end":{"line":14,"column":15}},"7":{"start":{"line":20,"column":20},"end":{"line":20,"column":40}},"8":{"start":{"line":21,"column":4},"end":{"line":21,"column":63}},"9":{"start":{"line":24,"column":4},"end":{"line":24,"column":97}},"10":{"start":{"line":27,"column":4},"end":{"line":57,"column":6}},"11":{"start":{"line":28,"column":8},"end":{"line":28,"column":66}},"12":{"start":{"line":31,"column":8},"end":{"line":56,"column":9}},"13":{"start":{"line":33,"column":34},"end":{"line":33,"column":66}},"14":{"start":{"line":36,"column":12},"end":{"line":41,"column":13}},"15":{"start":{"line":37,"column":16},"end":{"line":37,"column":71}},"16":{"start":{"line":40,"column":16},"end":{"line":40,"column":44}},"17":{"start":{"line":44,"column":13},"end":{"line":56,"column":9}},"18":{"start":{"line":45,"column":12},"end":{"line":45,"column":105}},"19":{"start":{"line":46,"column":12},"end":{"line":46,"column":71}},"20":{"start":{"line":49,"column":13},"end":{"line":56,"column":9}},"21":{"start":{"line":50,"column":12},"end":{"line":50,"column":87}},"22":{"start":{"line":54,"column":12},"end":{"line":54,"column":80}},"23":{"start":{"line":55,"column":12},"end":{"line":55,"column":80}},"24":{"start":{"line":60,"column":4},"end":{"line":66,"column":6}},"25":{"start":{"line":61,"column":8},"end":{"line":61,"column":66}},"26":{"start":{"line":64,"column":8},"end":{"line":64,"column":69}},"27":{"start":{"line":65,"column":8},"end":{"line":65,"column":104}},"28":{"start":{"line":68,"column":4},"end":{"line":73,"column":6}},"29":{"start":{"line":69,"column":8},"end":{"line":69,"column":66}},"30":{"start":{"line":72,"column":8},"end":{"line":72,"column":58}},"31":{"start":{"line":75,"column":4},"end":{"line":75,"column":19}},"32":{"start":{"line":79,"column":24},"end":{"line":79,"column":62}},"33":{"start":{"line":80,"column":24},"end":{"line":80,"column":65}},"34":{"start":{"line":81,"column":4},"end":{"line":81,"column":77}},"35":{"start":{"line":86,"column":4},"end":{"line":86,"column":54}},"36":{"start":{"line":87,"column":4},"end":{"line":87,"column":24}},"37":{"start":{"line":88,"column":4},"end":{"line":88,"column":15}}},"fnMap":{"0":{"name":"searchBooks","decl":{"start":{"line":2,"column":9},"end":{"line":2,"column":20}},"loc":{"start":{"line":2,"column":23},"end":{"line":76,"column":1}},"line":2},"1":{"name":"(anonymous_1)","decl":{"start":{"line":27,"column":21},"end":{"line":27,"column":22}},"loc":{"start":{"line":27,"column":33},"end":{"line":57,"column":5}},"line":27},"2":{"name":"(anonymous_2)","decl":{"start":{"line":60,"column":22},"end":{"line":60,"column":23}},"loc":{"start":{"line":60,"column":34},"end":{"line":66,"column":5}},"line":60},"3":{"name":"(anonymous_3)","decl":{"start":{"line":68,"column":24},"end":{"line":68,"column":25}},"loc":{"start":{"line":68,"column":36},"end":{"line":73,"column":5}},"line":68},"4":{"name":"toggleClearButton","decl":{"start":{"line":78,"column":9},"end":{"line":78,"column":26}},"loc":{"start":{"line":78,"column":29},"end":{"line":82,"column":1}},"line":78},"5":{"name":"clearSearch","decl":{"start":{"line":85,"column":9},"end":{"line":85,"column":20}},"loc":{"start":{"line":85,"column":23},"end":{"line":89,"column":1}},"line":85}},"branchMap":{"0":{"loc":{"start":{"line":6,"column":4},"end":{"line":9,"column":5}},"type":"if","locations":[{"start":{"line":6,"column":4},"end":{"line":9,"column":5}},{"start":{},"end":{}}],"line":6},"1":{"loc":{"start":{"line":12,"column":4},"end":{"line":15,"column":5}},"type":"if","locations":[{"start":{"line":12,"column":4},"end":{"line":15,"column":5}},{"start":{},"end":{}}],"line":12},"2":{"loc":{"start":{"line":31,"column":8},"end":{"line":56,"column":9}},"type":"if","locations":[{"start":{"line":31,"column":8},"end":{"line":56,"column":9}},{"start":{"line":44,"column":13},"end":{"line":56,"column":9}}],"line":31},"3":{"loc":{"start":{"line":31,"column":12},"end":{"line":31,"column":57}},"type":"binary-expr","locations":[{"start":{"line":31,"column":12},"end":{"line":31,"column":33}},{"start":{"line":31,"column":37},"end":{"line":31,"column":57}}],"line":31},"4":{"loc":{"start":{"line":36,"column":12},"end":{"line":41,"column":13}},"type":"if","locations":[{"start":{"line":36,"column":12},"end":{"line":41,"column":13}},{"start":{"line":38,"column":19},"end":{"line":41,"column":13}}],"line":36},"5":{"loc":{"start":{"line":44,"column":13},"end":{"line":56,"column":9}},"type":"if","locations":[{"start":{"line":44,"column":13},"end":{"line":56,"column":9}},{"start":{"line":49,"column":13},"end":{"line":56,"column":9}}],"line":44},"6":{"loc":{"start":{"line":49,"column":13},"end":{"line":56,"column":9}},"type":"if","locations":[{"start":{"line":49,"column":13},"end":{"line":56,"column":9}},{"start":{"line":53,"column":13},"end":{"line":56,"column":9}}],"line":49},"7":{"loc":{"start":{"line":81,"column":32},"end":{"line":81,"column":76}},"type":"cond-expr","locations":[{"start":{"line":81,"column":59},"end":{"line":81,"column":67}},{"start":{"line":81,"column":70},"end":{"line":81,"column":76}}],"line":81}},"s":{"0":0,"1":0,"2":0,"3":0,"4":0,"5":0,"6":0,"7":0,"8":0,"9":0,"10":0,"11":0,"12":0,"13":0,"14":0,"15":0,"16":0,"17":0,"18":0,"19":0,"20":0,"21":0,"22":0,"23":0,"24":0,"25":0,"26":0,"27":0,"28":0,"29":0,"30":0,"31":0,"32":0,"33":0,"34":0,"35":0,"36":0,"37":0},"f":{"0":0,"1":0,"2":0,"3":0,"4":0,"5":0},"b":{"0":[0,0],"1":[0,0],"2":[0,0],"3":[0,0],"4":[0,0],"5":[0,0],"6":[0,0],"7":[0,0]},"_coverageSchema":"1a1c01bbd47fc00a2c39e90264f33305004495a9","hash":"9dcb8b23b10d66b59732ea8294dbf9d01efdb63b"}
,"C:\\My_stuff\\TP\\Year_2_Semester_2\\DevOps\\Front-end\\BookTrack_DevOps_Project\\public\\js\\update-book.js": {"path":"C:\\My_stuff\\TP\\Year_2_Semester_2\\DevOps\\Front-end\\BookTrack_DevOps_Project\\public\\js\\update-book.js","statementMap":{"0":{"start":{"line":3,"column":4},"end":{"line":3,"column":67}},"1":{"start":{"line":4,"column":4},"end":{"line":4,"column":72}},"2":{"start":{"line":9,"column":21},"end":{"line":9,"column":63}},"3":{"start":{"line":10,"column":18},"end":{"line":10,"column":39}},"4":{"start":{"line":12,"column":4},"end":{"line":12,"column":79}},"5":{"start":{"line":12,"column":31},"end":{"line":12,"column":77}},"6":{"start":{"line":18,"column":4},"end":{"line":18,"column":34}},"7":{"start":{"line":21,"column":4},"end":{"line":45,"column":5}},"8":{"start":{"line":22,"column":18},"end":{"line":22,"column":19}},"9":{"start":{"line":23,"column":8},"end":{"line":26,"column":9}},"10":{"start":{"line":23,"column":21},"end":{"line":23,"column":22}},"11":{"start":{"line":24,"column":12},"end":{"line":24,"column":61}},"12":{"start":{"line":24,"column":48},"end":{"line":24,"column":61}},"13":{"start":{"line":25,"column":12},"end":{"line":25,"column":51}},"14":{"start":{"line":28,"column":23},"end":{"line":28,"column":30}},"15":{"start":{"line":29,"column":8},"end":{"line":35,"column":9}},"16":{"start":{"line":30,"column":12},"end":{"line":30,"column":27}},"17":{"start":{"line":31,"column":15},"end":{"line":35,"column":9}},"18":{"start":{"line":32,"column":12},"end":{"line":32,"column":47}},"19":{"start":{"line":34,"column":12},"end":{"line":34,"column":25}},"20":{"start":{"line":36,"column":8},"end":{"line":36,"column":30}},"21":{"start":{"line":37,"column":11},"end":{"line":45,"column":5}},"22":{"start":{"line":38,"column":18},"end":{"line":38,"column":19}},"23":{"start":{"line":39,"column":8},"end":{"line":43,"column":9}},"24":{"start":{"line":39,"column":21},"end":{"line":39,"column":22}},"25":{"start":{"line":40,"column":26},"end":{"line":40,"column":47}},"26":{"start":{"line":41,"column":12},"end":{"line":41,"column":43}},"27":{"start":{"line":41,"column":30},"end":{"line":41,"column":43}},"28":{"start":{"line":42,"column":12},"end":{"line":42,"column":51}},"29":{"start":{"line":44,"column":8},"end":{"line":44,"column":30}},"30":{"start":{"line":46,"column":4},"end":{"line":46,"column":17}},"31":{"start":{"line":52,"column":4},"end":{"line":86,"column":5}},"32":{"start":{"line":54,"column":25},"end":{"line":54,"column":77}},"33":{"start":{"line":56,"column":8},"end":{"line":82,"column":9}},"34":{"start":{"line":57,"column":25},"end":{"line":57,"column":46}},"35":{"start":{"line":60,"column":12},"end":{"line":60,"column":68}},"36":{"start":{"line":61,"column":12},"end":{"line":61,"column":70}},"37":{"start":{"line":62,"column":12},"end":{"line":62,"column":66}},"38":{"start":{"line":63,"column":12},"end":{"line":63,"column":68}},"39":{"start":{"line":64,"column":12},"end":{"line":64,"column":79}},"40":{"start":{"line":65,"column":12},"end":{"line":65,"column":67}},"41":{"start":{"line":66,"column":12},"end":{"line":66,"column":60}},"42":{"start":{"line":69,"column":33},"end":{"line":69,"column":80}},"43":{"start":{"line":70,"column":12},"end":{"line":75,"column":13}},"44":{"start":{"line":71,"column":16},"end":{"line":71,"column":74}},"45":{"start":{"line":72,"column":16},"end":{"line":72,"column":53}},"46":{"start":{"line":74,"column":16},"end":{"line":74,"column":52}},"47":{"start":{"line":78,"column":12},"end":{"line":78,"column":81}},"48":{"start":{"line":79,"column":12},"end":{"line":79,"column":76}},"49":{"start":{"line":81,"column":12},"end":{"line":81,"column":63}},"50":{"start":{"line":84,"column":8},"end":{"line":84,"column":65}},"51":{"start":{"line":85,"column":8},"end":{"line":85,"column":68}},"52":{"start":{"line":90,"column":0},"end":{"line":111,"column":3}},"53":{"start":{"line":91,"column":17},"end":{"line":91,"column":38}},"54":{"start":{"line":94,"column":4},"end":{"line":110,"column":5}},"55":{"start":{"line":96,"column":8},"end":{"line":100,"column":9}},"56":{"start":{"line":97,"column":12},"end":{"line":97,"column":86}},"57":{"start":{"line":98,"column":12},"end":{"line":98,"column":36}},"58":{"start":{"line":99,"column":12},"end":{"line":99,"column":19}},"59":{"start":{"line":103,"column":23},"end":{"line":103,"column":39}},"60":{"start":{"line":104,"column":8},"end":{"line":108,"column":10}},"61":{"start":{"line":105,"column":33},"end":{"line":105,"column":80}},"62":{"start":{"line":106,"column":12},"end":{"line":106,"column":47}},"63":{"start":{"line":107,"column":12},"end":{"line":107,"column":49}},"64":{"start":{"line":109,"column":8},"end":{"line":109,"column":35}},"65":{"start":{"line":114,"column":0},"end":{"line":167,"column":3}},"66":{"start":{"line":115,"column":4},"end":{"line":115,"column":27}},"67":{"start":{"line":117,"column":17},"end":{"line":117,"column":35}},"68":{"start":{"line":118,"column":19},"end":{"line":118,"column":62}},"69":{"start":{"line":119,"column":18},"end":{"line":119,"column":67}},"70":{"start":{"line":120,"column":19},"end":{"line":120,"column":69}},"71":{"start":{"line":121,"column":17},"end":{"line":121,"column":58}},"72":{"start":{"line":124,"column":4},"end":{"line":127,"column":5}},"73":{"start":{"line":125,"column":8},"end":{"line":125,"column":56}},"74":{"start":{"line":126,"column":8},"end":{"line":126,"column":15}},"75":{"start":{"line":129,"column":4},"end":{"line":132,"column":5}},"76":{"start":{"line":130,"column":8},"end":{"line":130,"column":62}},"77":{"start":{"line":131,"column":8},"end":{"line":131,"column":15}},"78":{"start":{"line":134,"column":4},"end":{"line":137,"column":5}},"79":{"start":{"line":135,"column":8},"end":{"line":135,"column":72}},"80":{"start":{"line":136,"column":8},"end":{"line":136,"column":15}},"81":{"start":{"line":140,"column":26},"end":{"line":140,"column":60}},"82":{"start":{"line":141,"column":4},"end":{"line":144,"column":5}},"83":{"start":{"line":142,"column":8},"end":{"line":142,"column":72}},"84":{"start":{"line":143,"column":8},"end":{"line":143,"column":15}},"85":{"start":{"line":146,"column":24},"end":{"line":146,"column":84}},"86":{"start":{"line":147,"column":4},"end":{"line":149,"column":5}},"87":{"start":{"line":148,"column":8},"end":{"line":148,"column":15}},"88":{"start":{"line":151,"column":4},"end":{"line":166,"column":5}},"89":{"start":{"line":152,"column":25},"end":{"line":155,"column":10}},"90":{"start":{"line":157,"column":8},"end":{"line":163,"column":9}},"91":{"start":{"line":158,"column":12},"end":{"line":158,"column":48}},"92":{"start":{"line":159,"column":12},"end":{"line":159,"column":24}},"93":{"start":{"line":160,"column":12},"end":{"line":160,"column":23}},"94":{"start":{"line":162,"column":12},"end":{"line":162,"column":68}},"95":{"start":{"line":165,"column":8},"end":{"line":165,"column":98}}},"fnMap":{"0":{"name":"closeForm","decl":{"start":{"line":2,"column":9},"end":{"line":2,"column":18}},"loc":{"start":{"line":2,"column":21},"end":{"line":5,"column":1}},"line":2},"1":{"name":"isTitleUnique","decl":{"start":{"line":8,"column":15},"end":{"line":8,"column":28}},"loc":{"start":{"line":8,"column":47},"end":{"line":13,"column":1}},"line":8},"2":{"name":"(anonymous_2)","decl":{"start":{"line":12,"column":23},"end":{"line":12,"column":24}},"loc":{"start":{"line":12,"column":31},"end":{"line":12,"column":77}},"line":12},"3":{"name":"isValidISBN","decl":{"start":{"line":16,"column":9},"end":{"line":16,"column":20}},"loc":{"start":{"line":16,"column":27},"end":{"line":47,"column":1}},"line":16},"4":{"name":"editBook","decl":{"start":{"line":50,"column":15},"end":{"line":50,"column":23}},"loc":{"start":{"line":50,"column":32},"end":{"line":87,"column":1}},"line":50},"5":{"name":"(anonymous_5)","decl":{"start":{"line":90,"column":64},"end":{"line":90,"column":65}},"loc":{"start":{"line":90,"column":81},"end":{"line":111,"column":1}},"line":90},"6":{"name":"(anonymous_6)","decl":{"start":{"line":104,"column":24},"end":{"line":104,"column":25}},"loc":{"start":{"line":104,"column":37},"end":{"line":108,"column":9}},"line":104},"7":{"name":"(anonymous_7)","decl":{"start":{"line":114,"column":67},"end":{"line":114,"column":68}},"loc":{"start":{"line":114,"column":90},"end":{"line":167,"column":1}},"line":114}},"branchMap":{"0":{"loc":{"start":{"line":12,"column":31},"end":{"line":12,"column":77}},"type":"binary-expr","locations":[{"start":{"line":12,"column":31},"end":{"line":12,"column":54}},{"start":{"line":12,"column":58},"end":{"line":12,"column":77}}],"line":12},"1":{"loc":{"start":{"line":21,"column":4},"end":{"line":45,"column":5}},"type":"if","locations":[{"start":{"line":21,"column":4},"end":{"line":45,"column":5}},{"start":{"line":37,"column":11},"end":{"line":45,"column":5}}],"line":21},"2":{"loc":{"start":{"line":24,"column":12},"end":{"line":24,"column":61}},"type":"if","locations":[{"start":{"line":24,"column":12},"end":{"line":24,"column":61}},{"start":{},"end":{}}],"line":24},"3":{"loc":{"start":{"line":24,"column":16},"end":{"line":24,"column":46}},"type":"binary-expr","locations":[{"start":{"line":24,"column":16},"end":{"line":24,"column":29}},{"start":{"line":24,"column":33},"end":{"line":24,"column":46}}],"line":24},"4":{"loc":{"start":{"line":29,"column":8},"end":{"line":35,"column":9}},"type":"if","locations":[{"start":{"line":29,"column":8},"end":{"line":35,"column":9}},{"start":{"line":31,"column":15},"end":{"line":35,"column":9}}],"line":29},"5":{"loc":{"start":{"line":31,"column":15},"end":{"line":35,"column":9}},"type":"if","locations":[{"start":{"line":31,"column":15},"end":{"line":35,"column":9}},{"start":{"line":33,"column":15},"end":{"line":35,"column":9}}],"line":31},"6":{"loc":{"start":{"line":31,"column":19},"end":{"line":31,"column":53}},"type":"binary-expr","locations":[{"start":{"line":31,"column":19},"end":{"line":31,"column":34}},{"start":{"line":31,"column":38},"end":{"line":31,"column":53}}],"line":31},"7":{"loc":{"start":{"line":37,"column":11},"end":{"line":45,"column":5}},"type":"if","locations":[{"start":{"line":37,"column":11},"end":{"line":45,"column":5}},{"start":{},"end":{}}],"line":37},"8":{"loc":{"start":{"line":41,"column":12},"end":{"line":41,"column":43}},"type":"if","locations":[{"start":{"line":41,"column":12},"end":{"line":41,"column":43}},{"start":{},"end":{}}],"line":41},"9":{"loc":{"start":{"line":42,"column":19},"end":{"line":42,"column":50}},"type":"cond-expr","locations":[{"start":{"line":42,"column":33},"end":{"line":42,"column":38}},{"start":{"line":42,"column":41},"end":{"line":42,"column":50}}],"line":42},"10":{"loc":{"start":{"line":56,"column":8},"end":{"line":82,"column":9}},"type":"if","locations":[{"start":{"line":56,"column":8},"end":{"line":82,"column":9}},{"start":{"line":80,"column":15},"end":{"line":82,"column":9}}],"line":56},"11":{"loc":{"start":{"line":70,"column":12},"end":{"line":75,"column":13}},"type":"if","locations":[{"start":{"line":70,"column":12},"end":{"line":75,"column":13}},{"start":{"line":73,"column":19},"end":{"line":75,"column":13}}],"line":70},"12":{"loc":{"start":{"line":94,"column":4},"end":{"line":110,"column":5}},"type":"if","locations":[{"start":{"line":94,"column":4},"end":{"line":110,"column":5}},{"start":{},"end":{}}],"line":94},"13":{"loc":{"start":{"line":96,"column":8},"end":{"line":100,"column":9}},"type":"if","locations":[{"start":{"line":96,"column":8},"end":{"line":100,"column":9}},{"start":{},"end":{}}],"line":96},"14":{"loc":{"start":{"line":124,"column":4},"end":{"line":127,"column":5}},"type":"if","locations":[{"start":{"line":124,"column":4},"end":{"line":127,"column":5}},{"start":{},"end":{}}],"line":124},"15":{"loc":{"start":{"line":129,"column":4},"end":{"line":132,"column":5}},"type":"if","locations":[{"start":{"line":129,"column":4},"end":{"line":132,"column":5}},{"start":{},"end":{}}],"line":129},"16":{"loc":{"start":{"line":134,"column":4},"end":{"line":137,"column":5}},"type":"if","locations":[{"start":{"line":134,"column":4},"end":{"line":137,"column":5}},{"start":{},"end":{}}],"line":134},"17":{"loc":{"start":{"line":141,"column":4},"end":{"line":144,"column":5}},"type":"if","locations":[{"start":{"line":141,"column":4},"end":{"line":144,"column":5}},{"start":{},"end":{}}],"line":141},"18":{"loc":{"start":{"line":147,"column":4},"end":{"line":149,"column":5}},"type":"if","locations":[{"start":{"line":147,"column":4},"end":{"line":149,"column":5}},{"start":{},"end":{}}],"line":147},"19":{"loc":{"start":{"line":157,"column":8},"end":{"line":163,"column":9}},"type":"if","locations":[{"start":{"line":157,"column":8},"end":{"line":163,"column":9}},{"start":{"line":161,"column":15},"end":{"line":163,"column":9}}],"line":157}},"s":{"0":1,"1":1,"2":6,"3":6,"4":6,"5":6,"6":11,"7":11,"8":5,"9":5,"10":5,"11":44,"12":1,"13":43,"14":4,"15":4,"16":2,"17":2,"18":1,"19":1,"20":3,"21":6,"22":5,"23":5,"24":5,"25":60,"26":60,"27":1,"28":59,"29":4,"30":1,"31":18,"32":18,"33":17,"34":16,"35":16,"36":16,"37":16,"38":16,"39":16,"40":16,"41":16,"42":16,"43":16,"44":15,"45":15,"46":1,"47":16,"48":16,"49":1,"50":1,"51":1,"52":18,"53":2,"54":2,"55":2,"56":1,"57":1,"58":1,"59":1,"60":1,"61":1,"62":1,"63":1,"64":1,"65":18,"66":13,"67":13,"68":13,"69":13,"70":13,"71":13,"72":13,"73":1,"74":1,"75":12,"76":1,"77":1,"78":11,"79":5,"80":5,"81":6,"82":6,"83":1,"84":1,"85":5,"86":5,"87":1,"88":4,"89":4,"90":3,"91":1,"92":1,"93":1,"94":2,"95":1},"f":{"0":1,"1":6,"2":6,"3":11,"4":18,"5":2,"6":1,"7":13},"b":{"0":[6,2],"1":[5,6],"2":[1,43],"3":[44,44],"4":[2,2],"5":[1,1],"6":[2,2],"7":[5,1],"8":[1,59],"9":[32,27],"10":[16,1],"11":[15,1],"12":[2,0],"13":[1,1],"14":[1,12],"15":[1,11],"16":[5,6],"17":[1,5],"18":[1,4],"19":[1,2]},"_coverageSchema":"1a1c01bbd47fc00a2c39e90264f33305004495a9","hash":"a3a0c6a9ba519445c5fcbcd1ec39d118f8de8377"}
}
