{"total": {"lines":{"total":297,"covered":119,"skipped":0,"pct":40.06},"statements":{"total":302,"covered":124,"skipped":0,"pct":41.05},"functions":{"total":34,"covered":13,"skipped":0,"pct":38.23},"branches":{"total":136,"covered":60,"skipped":0,"pct":44.11},"branchesTrue":{"total":0,"covered":0,"skipped":0,"pct":"Unknown"}}
,"C:\\My_stuff\\TP\\Year_2_Semester_2\\DevOps\\DevOps_Project_Part_2\\BookTrack_DevOps_Project\\public\\js\\add-book.js": {"lines":{"total":73,"covered":3,"skipped":0,"pct":4.1},"functions":{"total":5,"covered":1,"skipped":0,"pct":20},"statements":{"total":73,"covered":3,"skipped":0,"pct":4.1},"branches":{"total":28,"covered":0,"skipped":0,"pct":0}}
,"C:\\My_stuff\\TP\\Year_2_Semester_2\\DevOps\\DevOps_Project_Part_2\\BookTrack_DevOps_Project\\public\\js\\add-transaction.js": {"lines":{"total":42,"covered":0,"skipped":0,"pct":0},"functions":{"total":8,"covered":0,"skipped":0,"pct":0},"statements":{"total":42,"covered":0,"skipped":0,"pct":0},"branches":{"total":22,"covered":0,"skipped":0,"pct":0}}
,"C:\\My_stuff\\TP\\Year_2_Semester_2\\DevOps\\DevOps_Project_Part_2\\BookTrack_DevOps_Project\\public\\js\\get-book.js": {"lines":{"total":31,"covered":18,"skipped":0,"pct":58.06},"functions":{"total":4,"covered":3,"skipped":0,"pct":75},"statements":{"total":31,"covered":18,"skipped":0,"pct":58.06},"branches":{"total":17,"covered":12,"skipped":0,"pct":70.58}}
,"C:\\My_stuff\\TP\\Year_2_Semester_2\\DevOps\\DevOps_Project_Part_2\\BookTrack_DevOps_Project\\public\\js\\search-books.js": {"lines":{"total":38,"covered":0,"skipped":0,"pct":0},"functions":{"total":6,"covered":0,"skipped":0,"pct":0},"statements":{"total":38,"covered":0,"skipped":0,"pct":0},"branches":{"total":16,"covered":0,"skipped":0,"pct":0}}
,"C:\\My_stuff\\TP\\Year_2_Semester_2\\DevOps\\DevOps_Project_Part_2\\BookTrack_DevOps_Project\\public\\js\\update-book.js": {"lines":{"total":113,"covered":98,"skipped":0,"pct":86.72},"functions":{"total":11,"covered":9,"skipped":0,"pct":81.81},"statements":{"total":118,"covered":103,"skipped":0,"pct":87.28},"branches":{"total":53,"covered":48,"skipped":0,"pct":90.56}}
}
