{"total": {"lines":{"total":297,"covered":121,"skipped":0,"pct":40.74},"statements":{"total":302,"covered":126,"skipped":0,"pct":41.72},"functions":{"total":34,"covered":13,"skipped":0,"pct":38.23},"branches":{"total":136,"covered":53,"skipped":0,"pct":38.97},"branchesTrue":{"total":0,"covered":0,"skipped":0,"pct":"Unknown"}}
,"C:\\My_stuff\\TP\\Year_2_Semester_2\\DevOps\\The_Seperation\\BookTrack_DevOps_Project\\public\\js\\add-book.js": {"lines":{"total":73,"covered":11,"skipped":0,"pct":15.06},"functions":{"total":5,"covered":2,"skipped":0,"pct":40},"statements":{"total":73,"covered":11,"skipped":0,"pct":15.06},"branches":{"total":28,"covered":2,"skipped":0,"pct":7.14}}
,"C:\\My_stuff\\TP\\Year_2_Semester_2\\DevOps\\The_Seperation\\BookTrack_DevOps_Project\\public\\js\\add-transaction.js": {"lines":{"total":42,"covered":0,"skipped":0,"pct":0},"functions":{"total":8,"covered":0,"skipped":0,"pct":0},"statements":{"total":42,"covered":0,"skipped":0,"pct":0},"branches":{"total":22,"covered":0,"skipped":0,"pct":0}}
,"C:\\My_stuff\\TP\\Year_2_Semester_2\\DevOps\\The_Seperation\\BookTrack_DevOps_Project\\public\\js\\get-book.js": {"lines":{"total":52,"covered":18,"skipped":0,"pct":34.61},"functions":{"total":7,"covered":3,"skipped":0,"pct":42.85},"statements":{"total":52,"covered":18,"skipped":0,"pct":34.61},"branches":{"total":30,"covered":12,"skipped":0,"pct":40}}
,"C:\\My_stuff\\TP\\Year_2_Semester_2\\DevOps\\The_Seperation\\BookTrack_DevOps_Project\\public\\js\\search-books.js": {"lines":{"total":38,"covered":0,"skipped":0,"pct":0},"functions":{"total":6,"covered":0,"skipped":0,"pct":0},"statements":{"total":38,"covered":0,"skipped":0,"pct":0},"branches":{"total":16,"covered":0,"skipped":0,"pct":0}}
,"C:\\My_stuff\\TP\\Year_2_Semester_2\\DevOps\\The_Seperation\\BookTrack_DevOps_Project\\public\\js\\update-book.js": {"lines":{"total":92,"covered":92,"skipped":0,"pct":100},"functions":{"total":8,"covered":8,"skipped":0,"pct":100},"statements":{"total":97,"covered":97,"skipped":0,"pct":100},"branches":{"total":40,"covered":39,"skipped":0,"pct":97.5}}
}
