TN:
SF:public\js\add-book.js
FN:1,addBookFeature
FN:3,(anonymous_1)
FN:89,(anonymous_2)
FN:113,resetForm
FN:123,openForm
FNF:5
FNH:1
FNDA:7,addBookFeature
FNDA:0,(anonymous_1)
FNDA:0,(anonymous_2)
FNDA:0,resetForm
FNDA:0,openForm
DA:3,7
DA:4,0
DA:7,0
DA:8,0
DA:9,0
DA:10,0
DA:11,0
DA:12,0
DA:15,0
DA:16,0
DA:17,0
DA:21,0
DA:22,0
DA:23,0
DA:26,0
DA:27,0
DA:28,0
DA:32,0
DA:33,0
DA:34,0
DA:38,0
DA:39,0
DA:41,0
DA:42,0
DA:43,0
DA:47,0
DA:48,0
DA:49,0
DA:50,0
DA:51,0
DA:52,0
DA:53,0
DA:55,0
DA:57,0
DA:63,0
DA:64,0
DA:65,0
DA:66,0
DA:67,0
DA:68,0
DA:69,0
DA:70,0
DA:72,0
DA:74,0
DA:78,0
DA:79,0
DA:80,0
DA:81,0
DA:83,0
DA:84,0
DA:89,7
DA:90,0
DA:91,0
DA:92,0
DA:95,0
DA:96,0
DA:97,0
DA:98,0
DA:99,0
DA:100,0
DA:103,0
DA:104,0
DA:105,0
DA:107,0
DA:114,0
DA:115,0
DA:116,0
DA:117,0
DA:118,0
DA:119,0
DA:124,0
DA:125,0
DA:136,7
LF:73
LH:3
BRDA:15,0,0,0
BRDA:15,0,1,0
BRDA:15,1,0,0
BRDA:15,1,1,0
BRDA:15,1,2,0
BRDA:15,1,3,0
BRDA:15,1,4,0
BRDA:15,1,5,0
BRDA:21,2,0,0
BRDA:21,2,1,0
BRDA:26,3,0,0
BRDA:26,3,1,0
BRDA:32,4,0,0
BRDA:32,4,1,0
BRDA:39,5,0,0
BRDA:39,5,1,0
BRDA:63,6,0,0
BRDA:63,6,1,0
BRDA:65,7,0,0
BRDA:65,7,1,0
BRDA:67,8,0,0
BRDA:67,8,1,0
BRDA:69,9,0,0
BRDA:69,9,1,0
BRDA:95,10,0,0
BRDA:95,10,1,0
BRDA:96,11,0,0
BRDA:96,11,1,0
BRF:28
BRH:0
end_of_record
TN:
SF:public\js\add-transaction.js
FN:1,displayMessage
FN:15,(anonymous_1)
FN:20,addTransaction
FN:59,(anonymous_3)
FN:60,(anonymous_4)
FN:70,(anonymous_5)
FN:77,openModal
FN:82,closeModal
FNF:8
FNH:0
FNDA:0,displayMessage
FNDA:0,(anonymous_1)
FNDA:0,addTransaction
FNDA:0,(anonymous_3)
FNDA:0,(anonymous_4)
FNDA:0,(anonymous_5)
FNDA:0,openModal
FNDA:0,closeModal
DA:2,0
DA:5,0
DA:6,0
DA:8,0
DA:9,0
DA:10,0
DA:11,0
DA:15,0
DA:16,0
DA:21,0
DA:22,0
DA:23,0
DA:24,0
DA:27,0
DA:28,0
DA:29,0
DA:32,0
DA:33,0
DA:34,0
DA:35,0
DA:38,0
DA:39,0
DA:41,0
DA:42,0
DA:43,0
DA:46,0
DA:47,0
DA:48,0
DA:51,0
DA:54,0
DA:59,0
DA:61,0
DA:62,0
DA:63,0
DA:64,0
DA:65,0
DA:66,0
DA:67,0
DA:71,0
DA:72,0
DA:78,0
DA:83,0
LF:42
LH:0
BRDA:8,0,0,0
BRDA:8,0,1,0
BRDA:10,1,0,0
BRDA:10,1,1,0
BRDA:27,2,0,0
BRDA:27,2,1,0
BRDA:27,3,0,0
BRDA:27,3,1,0
BRDA:27,3,2,0
BRDA:27,3,3,0
BRDA:33,4,0,0
BRDA:33,4,1,0
BRDA:41,5,0,0
BRDA:41,5,1,0
BRDA:41,6,0,0
BRDA:41,6,1,0
BRDA:46,7,0,0
BRDA:46,7,1,0
BRDA:61,8,0,0
BRDA:61,8,1,0
BRDA:66,9,0,0
BRDA:66,9,1,0
BRF:22
BRH:0
end_of_record
TN:
SF:public\js\get-book.js
FN:2,getBooks
FN:12,(anonymous_1)
FN:41,(anonymous_2)
FN:57,displayBooks
FNF:4
FNH:3
FNDA:8,getBooks
FNDA:7,(anonymous_1)
FNDA:0,(anonymous_2)
FNDA:7,displayBooks
DA:3,8
DA:6,8
DA:9,8
DA:12,8
DA:14,7
DA:17,7
DA:18,7
DA:20,7
DA:21,7
DA:24,0
DA:25,0
DA:29,0
DA:30,0
DA:31,0
DA:35,0
DA:36,0
DA:41,8
DA:43,0
DA:46,0
DA:47,0
DA:51,8
DA:58,7
DA:61,7
DA:62,0
DA:63,0
DA:66,7
DA:69,7
DA:71,42
DA:72,42
DA:87,0
DA:91,7
LF:31
LH:18
BRDA:17,0,0,7
BRDA:17,0,1,0
BRDA:17,1,0,7
BRDA:17,1,1,7
BRDA:29,2,0,0
BRDA:29,2,1,0
BRDA:61,3,0,0
BRDA:61,3,1,7
BRDA:61,4,0,7
BRDA:61,4,1,7
BRDA:71,5,0,42
BRDA:71,5,1,0
BRDA:71,6,0,42
BRDA:71,6,1,42
BRDA:71,6,2,42
BRDA:71,6,3,42
BRDA:71,6,4,42
BRF:17
BRH:12
end_of_record
TN:
SF:public\js\search-books.js
FN:2,searchBooks
FN:27,(anonymous_1)
FN:60,(anonymous_2)
FN:68,(anonymous_3)
FN:78,toggleClearButton
FN:85,clearSearch
FNF:6
FNH:0
FNDA:0,searchBooks
FNDA:0,(anonymous_1)
FNDA:0,(anonymous_2)
FNDA:0,(anonymous_3)
FNDA:0,toggleClearButton
FNDA:0,clearSearch
DA:3,0
DA:6,0
DA:7,0
DA:8,0
DA:12,0
DA:13,0
DA:14,0
DA:20,0
DA:21,0
DA:24,0
DA:27,0
DA:28,0
DA:31,0
DA:33,0
DA:36,0
DA:37,0
DA:40,0
DA:44,0
DA:45,0
DA:46,0
DA:49,0
DA:50,0
DA:54,0
DA:55,0
DA:60,0
DA:61,0
DA:64,0
DA:65,0
DA:68,0
DA:69,0
DA:72,0
DA:75,0
DA:79,0
DA:80,0
DA:81,0
DA:86,0
DA:87,0
DA:88,0
LF:38
LH:0
BRDA:6,0,0,0
BRDA:6,0,1,0
BRDA:12,1,0,0
BRDA:12,1,1,0
BRDA:31,2,0,0
BRDA:31,2,1,0
BRDA:31,3,0,0
BRDA:31,3,1,0
BRDA:36,4,0,0
BRDA:36,4,1,0
BRDA:44,5,0,0
BRDA:44,5,1,0
BRDA:49,6,0,0
BRDA:49,6,1,0
BRDA:81,7,0,0
BRDA:81,7,1,0
BRF:16
BRH:0
end_of_record
TN:
SF:public\js\update-book.js
FN:2,closeForm
FN:8,isTitleUnique
FN:12,(anonymous_2)
FN:16,isValidISBN
FN:50,editBook
FN:94,(anonymous_5)
FN:108,(anonymous_6)
FN:118,(anonymous_7)
FN:175,getBookById
FN:187,(anonymous_9)
FN:212,(anonymous_10)
FNF:11
FNH:6
FNDA:1,closeForm
FNDA:3,isTitleUnique
FNDA:12,(anonymous_2)
FNDA:7,isValidISBN
FNDA:7,editBook
FNDA:0,(anonymous_5)
FNDA:0,(anonymous_6)
FNDA:7,(anonymous_7)
FNDA:0,getBookById
FNDA:0,(anonymous_9)
FNDA:0,(anonymous_10)
DA:3,1
DA:4,1
DA:9,3
DA:10,2
DA:12,12
DA:18,7
DA:21,7
DA:22,1
DA:23,1
DA:24,9
DA:25,9
DA:28,1
DA:29,1
DA:30,0
DA:31,1
DA:32,1
DA:34,0
DA:36,1
DA:37,6
DA:38,3
DA:39,3
DA:40,39
DA:41,39
DA:42,39
DA:44,3
DA:46,3
DA:51,7
DA:52,0
DA:53,0
DA:56,7
DA:58,7
DA:60,7
DA:61,7
DA:64,7
DA:65,7
DA:66,7
DA:67,7
DA:68,7
DA:69,7
DA:70,7
DA:73,7
DA:74,7
DA:75,7
DA:76,7
DA:78,0
DA:82,7
DA:83,7
DA:85,0
DA:88,0
DA:89,0
DA:94,7
DA:95,0
DA:98,0
DA:100,0
DA:101,0
DA:102,0
DA:103,0
DA:107,0
DA:108,0
DA:109,0
DA:110,0
DA:111,0
DA:113,0
DA:118,7
DA:119,7
DA:121,7
DA:122,7
DA:123,7
DA:124,7
DA:125,7
DA:128,7
DA:129,0
DA:130,0
DA:133,7
DA:134,0
DA:135,0
DA:138,7
DA:139,4
DA:140,4
DA:144,3
DA:145,2
DA:146,0
DA:147,0
DA:150,2
DA:151,2
DA:152,0
DA:155,2
DA:156,2
DA:161,2
DA:162,1
DA:163,1
DA:164,1
DA:166,1
DA:169,0
DA:170,0
DA:177,0
DA:178,0
DA:179,0
DA:182,0
DA:184,0
DA:187,0
DA:189,0
DA:191,0
DA:192,0
DA:195,0
DA:196,0
DA:197,0
DA:200,0
DA:201,0
DA:202,0
DA:206,0
DA:207,0
DA:212,0
DA:214,0
DA:215,0
DA:219,0
LF:116
LH:66
BRDA:12,0,0,12
BRDA:12,0,1,1
BRDA:21,1,0,1
BRDA:21,1,1,6
BRDA:24,2,0,0
BRDA:24,2,1,9
BRDA:24,3,0,9
BRDA:24,3,1,9
BRDA:29,4,0,0
BRDA:29,4,1,1
BRDA:31,5,0,1
BRDA:31,5,1,0
BRDA:31,6,0,1
BRDA:31,6,1,1
BRDA:37,7,0,3
BRDA:37,7,1,3
BRDA:41,8,0,0
BRDA:41,8,1,39
BRDA:42,9,0,21
BRDA:42,9,1,18
BRDA:51,10,0,0
BRDA:51,10,1,7
BRDA:60,11,0,7
BRDA:60,11,1,0
BRDA:74,12,0,7
BRDA:74,12,1,0
BRDA:98,13,0,0
BRDA:98,13,1,0
BRDA:100,14,0,0
BRDA:100,14,1,0
BRDA:128,15,0,0
BRDA:128,15,1,7
BRDA:133,16,0,0
BRDA:133,16,1,7
BRDA:138,17,0,4
BRDA:138,17,1,3
BRDA:145,18,0,0
BRDA:145,18,1,2
BRDA:151,19,0,0
BRDA:151,19,1,2
BRDA:161,20,0,1
BRDA:161,20,1,1
BRDA:177,21,0,0
BRDA:177,21,1,0
BRDA:177,22,0,0
BRDA:177,22,1,0
BRDA:177,22,2,0
BRDA:189,23,0,0
BRDA:189,23,1,0
BRDA:189,24,0,0
BRDA:189,24,1,0
BRDA:195,25,0,0
BRDA:195,25,1,0
BRDA:200,26,0,0
BRDA:200,26,1,0
BRF:55
BRH:27
end_of_record
